2026-02-04 13:57:01,824 - INFO - Found 140 PDF files in ../voting_minutes_pdfs
2026-02-04 13:57:01,824 - INFO - [1/140] Processing: ../voting_minutes_pdfs/voting_minutes_2021-07-01.pdf
2026-02-04 13:57:01,850 - INFO - [2/140] Processing: ../voting_minutes_pdfs/voting_minutes_2021-07-29.pdf
2026-02-04 13:57:01,874 - INFO - [3/140] Processing: ../voting_minutes_pdfs/voting_minutes_2024-05-23.pdf
2026-02-04 13:57:01,894 - INFO - [4/140] Processing: ../voting_minutes_pdfs/voting_minutes_2021-02-25.pdf
2026-02-04 13:57:01,909 - INFO - [5/140] Processing: ../voting_minutes_pdfs/voting_minutes_2025-06-05.pdf
2026-02-04 13:57:01,927 - INFO - [6/140] Processing: ../voting_minutes_pdfs/voting_minutes_2025-08-28.pdf
2026-02-04 13:57:01,966 - WARNING - Skipping chunk 37 in voting_minutes_2025-08-28.pdf: missing license numbers
2026-02-04 13:57:01,972 - INFO - [7/140] Processing: ../voting_minutes_pdfs/voting_minutes_2024-10-17.pdf
2026-02-04 13:57:02,002 - INFO - [8/140] Processing: ../voting_minutes_pdfs/voting_minutes_2023-04-06.pdf
2026-02-04 13:57:02,016 - INFO - [9/140] Processing: ../voting_minutes_pdfs/voting_minutes_2022-12-15.pdf
2026-02-04 13:57:02,044 - INFO - [10/140] Processing: ../voting_minutes_pdfs/voting_minutes_2024-12-12.pdf
2026-02-04 13:57:02,069 - WARNING - Skipping chunk 24 in voting_minutes_2024-12-12.pdf: missing license numbers
2026-02-04 13:57:02,075 - INFO - [11/140] Processing: ../voting_minutes_pdfs/voting_minutes_2023-06-29.pdf
2026-02-04 13:57:02,095 - INFO - [12/140] Processing: ../voting_minutes_pdfs/voting_minutes_2020-11-05.pdf
2026-02-04 13:57:02,101 - INFO - [13/140] Processing: ../voting_minutes_pdfs/voting_minutes_2022-10-06.pdf
2026-02-04 13:57:02,109 - WARNING - No hearings extracted from ../voting_minutes_pdfs/voting_minutes_2022-10-06.pdf
2026-02-04 13:57:02,109 - WARNING - Pipeline stopped after TextJsonExtractorStep: License text data not provided in KVStore
2026-02-04 13:57:02,109 - ERROR - Pipeline failed for ../voting_minutes_pdfs/voting_minutes_2022-10-06.pdf: License text data not provided in KVStore
2026-02-04 13:57:02,109 - INFO - [14/140] Processing: ../voting_minutes_pdfs/voting_minutes_2024-02-01.pdf
2026-02-04 13:57:02,131 - INFO - [15/140] Processing: ../voting_minutes_pdfs/voting_minutes_2025-04-17.pdf
2026-02-04 13:57:02,154 - INFO - [16/140] Processing: ../voting_minutes_pdfs/voting_minutes_2024-02-29.pdf
2026-02-04 13:57:02,178 - INFO - [17/140] Processing: ../voting_minutes_pdfs/voting_minutes_2025-04-03.pdf
2026-02-04 13:57:02,195 - WARNING - Skipping chunk 11 in voting_minutes_2025-04-03.pdf: missing license numbers
2026-02-04 13:57:02,197 - INFO - [18/140] Processing: ../voting_minutes_pdfs/voting_minutes_2020-04-30.pdf
2026-02-04 13:57:02,202 - INFO - [19/140] Processing: ../voting_minutes_pdfs/voting_minutes_2023-03-30.pdf
2026-02-04 13:57:02,231 - INFO - [20/140] Processing: ../voting_minutes_pdfs/voting_minutes_2022-05-26.pdf
2026-02-04 13:57:02,253 - WARNING - Skipping chunk 20 in voting_minutes_2022-05-26.pdf: missing license numbers
2026-02-04 13:57:02,257 - INFO - [21/140] Processing: ../voting_minutes_pdfs/voting_minutes_2021-05-06.pdf
2026-02-04 13:57:02,268 - INFO - [22/140] Processing: ../voting_minutes_pdfs/voting_minutes_2023-01-25.pdf
2026-02-04 13:57:02,281 - INFO - [23/140] Processing: ../voting_minutes_pdfs/voting_minutes_2021-09-02.pdf
2026-02-04 13:57:02,293 - WARNING - Skipping chunk 15 in voting_minutes_2021-09-02.pdf: missing license numbers
2026-02-04 13:57:02,296 - INFO - [24/140] Processing: ../voting_minutes_pdfs/voting_minutes_2025-03-27.pdf
2026-02-04 13:57:02,325 - WARNING - Skipping chunk 9 in voting_minutes_2025-03-27.pdf: missing license numbers
2026-02-04 13:57:02,332 - INFO - [25/140] Processing: ../voting_minutes_pdfs/voting_minutes_2022-02-17.pdf
2026-02-04 13:57:02,343 - INFO - [26/140] Processing: ../voting_minutes_pdfs/voting_minutes_2022-02-03.pdf
2026-02-04 13:57:02,354 - INFO - [27/140] Processing: ../voting_minutes_pdfs/voting_minutes_2023-03-08.pdf
2026-02-04 13:57:02,373 - WARNING - Skipping chunk 12 in voting_minutes_2023-03-08.pdf: missing license numbers
2026-02-04 13:57:02,373 - WARNING - Skipping chunk 19 in voting_minutes_2023-03-08.pdf: missing license numbers
2026-02-04 13:57:02,377 - INFO - [28/140] Processing: ../voting_minutes_pdfs/voting_minutes_2025-08-07.pdf
2026-02-04 13:57:02,397 - WARNING - Skipping chunk 13 in voting_minutes_2025-08-07.pdf: missing license numbers
2026-02-04 13:57:02,401 - INFO - [29/140] Processing: ../voting_minutes_pdfs/voting_minutes_2025-01-23.pdf
2026-02-04 13:57:02,426 - INFO - [30/140] Processing: ../voting_minutes_pdfs/voting_minutes_2020-08-20.pdf
2026-02-04 13:57:02,432 - WARNING - Skipping chunk 12 in voting_minutes_2020-08-20.pdf: missing license numbers
2026-02-04 13:57:02,432 - WARNING - Skipping chunk 13 in voting_minutes_2020-08-20.pdf: missing license numbers
2026-02-04 13:57:02,432 - WARNING - Skipping chunk 14 in voting_minutes_2020-08-20.pdf: missing license numbers
2026-02-04 13:57:02,432 - WARNING - Skipping chunk 15 in voting_minutes_2020-08-20.pdf: missing license numbers
2026-02-04 13:57:02,433 - INFO - [31/140] Processing: ../voting_minutes_pdfs/voting_minutes_2025-01-09.pdf
2026-02-04 13:57:02,453 - INFO - [32/140] Processing: ../voting_minutes_pdfs/voting_minutes_2024-09-26.pdf
2026-02-04 13:57:02,475 - INFO - [33/140] Processing: ../voting_minutes_pdfs/voting_minutes_2026-01-29.pdf
2026-02-04 13:57:02,507 - INFO - [34/140] Processing: ../voting_minutes_pdfs/voting_minutes_2020-04-23.pdf
2026-02-04 13:57:02,517 - INFO - [35/140] Processing: ../voting_minutes_pdfs/voting_minutes_2023-08-17.pdf
2026-02-04 13:57:02,540 - WARNING - *********Could not parse date from first line: 'Board to schedule transactional hearing on d/b/a change and will seek further information on'
2026-02-04 13:57:02,545 - INFO - [36/140] Processing: ../voting_minutes_pdfs/voting_minutes_2023-12-14.pdf
2026-02-04 13:57:02,575 - INFO - [37/140] Processing: ../voting_minutes_pdfs/voting_minutes_2022-04-07.pdf
2026-02-04 13:57:02,605 - INFO - [38/140] Processing: ../voting_minutes_pdfs/voting_minutes_2024-11-21.pdf
2026-02-04 13:57:02,620 - INFO - [39/140] Processing: ../voting_minutes_pdfs/voting_minutes_2020-09-10.pdf
2026-02-04 13:57:02,633 - INFO - [40/140] Processing: ../voting_minutes_pdfs/voting_minutes_2023-10-04.pdf
2026-02-04 13:57:02,645 - INFO - [41/140] Processing: ../voting_minutes_pdfs/voting_minutes_2021-08-26.pdf
2026-02-04 13:57:02,673 - INFO - [42/140] Processing: ../voting_minutes_pdfs/voting_minutes_2023-07-20.pdf
2026-02-04 13:57:02,695 - INFO - [43/140] Processing: ../voting_minutes_pdfs/voting_minutes_2023-05-25.pdf
2026-02-04 13:57:02,717 - WARNING - Skipping chunk 23 in voting_minutes_2023-05-25.pdf: missing license numbers
2026-02-04 13:57:02,722 - INFO - [44/140] Processing: ../voting_minutes_pdfs/voting_minutes_2024-08-01.pdf
2026-02-04 13:57:02,740 - WARNING - Skipping chunk 5 in voting_minutes_2024-08-01.pdf: missing license numbers
2026-02-04 13:57:02,743 - INFO - [45/140] Processing: ../voting_minutes_pdfs/voting_minutes_2020-05-07.pdf
2026-02-04 13:57:02,747 - WARNING - No hearings extracted from ../voting_minutes_pdfs/voting_minutes_2020-05-07.pdf
2026-02-04 13:57:02,747 - WARNING - Pipeline stopped after TextJsonExtractorStep: License text data not provided in KVStore
2026-02-04 13:57:02,747 - ERROR - Pipeline failed for ../voting_minutes_pdfs/voting_minutes_2020-05-07.pdf: License text data not provided in KVStore
2026-02-04 13:57:02,747 - INFO - [46/140] Processing: ../voting_minutes_pdfs/voting_minutes_2024-06-06.pdf
2026-02-04 13:57:02,763 - INFO - [47/140] Processing: ../voting_minutes_pdfs/voting_minutes_2025-07-31.pdf
2026-02-04 13:57:02,788 - INFO - [48/140] Processing: ../voting_minutes_pdfs/voting_minutes_2020-12-23.pdf
2026-02-04 13:57:02,797 - WARNING - *********Could not parse date from first line: 'December 22nd transactional hearings'
2026-02-04 13:57:02,799 - INFO - [49/140] Processing: ../voting_minutes_pdfs/voting_minutes_2025-10-01.pdf
2026-02-04 13:57:02,821 - INFO - [50/140] Processing: ../voting_minutes_pdfs/voting_minutes_2022-08-04.pdf
2026-02-04 13:57:02,829 - WARNING - Skipping chunk 12 in voting_minutes_2022-08-04.pdf: missing license numbers
2026-02-04 13:57:02,831 - INFO - [51/140] Processing: ../voting_minutes_pdfs/voting_minutes_2022-01-20.pdf
2026-02-04 13:57:02,836 - WARNING - No hearings extracted from ../voting_minutes_pdfs/voting_minutes_2022-01-20.pdf
2026-02-04 13:57:02,836 - WARNING - Pipeline stopped after TextJsonExtractorStep: License text data not provided in KVStore
2026-02-04 13:57:02,836 - ERROR - Pipeline failed for ../voting_minutes_pdfs/voting_minutes_2022-01-20.pdf: License text data not provided in KVStore
2026-02-04 13:57:02,837 - INFO - [52/140] Processing: ../voting_minutes_pdfs/voting_minutes_2025-12-04.pdf
2026-02-04 13:57:02,856 - INFO - [53/140] Processing: ../voting_minutes_pdfs/voting_minutes_2020-07-16.pdf
2026-02-04 13:57:02,868 - INFO - [54/140] Processing: ../voting_minutes_pdfs/voting_minutes_2021-01-28.pdf
2026-02-04 13:57:02,878 - INFO - [55/140] Processing: ../voting_minutes_pdfs/voting_minutes_2021-11-04.pdf
2026-02-04 13:57:02,889 - INFO - [56/140] Processing: ../voting_minutes_pdfs/voting_minutes_2022-03-24.pdf
2026-02-04 13:57:02,908 - WARNING - Skipping chunk 4 in voting_minutes_2022-03-24.pdf: missing license numbers
2026-02-04 13:57:02,914 - INFO - [57/140] Processing: ../voting_minutes_pdfs/voting_minutes_2021-03-04.pdf
2026-02-04 13:57:02,921 - WARNING - *********Could not parse date from first line: 'Transactional Hearing Wednesday, March 3'
2026-02-04 13:57:02,922 - INFO - [58/140] Processing: ../voting_minutes_pdfs/voting_minutes_2021-08-09.pdf
2026-02-04 13:57:02,931 - INFO - [59/140] Processing: ../voting_minutes_pdfs/voting_minutes_2021-06-24.pdf
2026-02-04 13:57:02,941 - WARNING - Skipping chunk 14 in voting_minutes_2021-06-24.pdf: missing license numbers
2026-02-04 13:57:02,941 - WARNING - Skipping chunk 17 in voting_minutes_2021-06-24.pdf: missing license numbers
2026-02-04 13:57:02,944 - INFO - [60/140] Processing: ../voting_minutes_pdfs/voting_minutes_2020-09-17.pdf
2026-02-04 13:57:02,954 - INFO - [61/140] Processing: ../voting_minutes_pdfs/voting_minutes_2023-02-02.pdf
2026-02-04 13:57:02,968 - INFO - [62/140] Processing: ../voting_minutes_pdfs/voting_minutes_2022-04-28.pdf
2026-02-04 13:57:02,988 - INFO - [63/140] Processing: ../voting_minutes_pdfs/voting_minutes_2023-02-16.pdf
2026-02-04 13:57:03,005 - INFO - [64/140] Processing: ../voting_minutes_pdfs/voting_minutes_yyyy-11-20.pdf
2026-02-04 13:57:03,034 - INFO - [65/140] Processing: ../voting_minutes_pdfs/voting_minutes_2025-09-18.pdf
2026-02-04 13:57:03,068 - INFO - [66/140] Processing: ../voting_minutes_pdfs/voting_minutes_2021-04-08.pdf
2026-02-04 13:57:03,074 - WARNING - Skipping chunk 15 in voting_minutes_2021-04-08.pdf: missing license numbers
2026-02-04 13:57:03,074 - WARNING - Skipping chunk 16 in voting_minutes_2021-04-08.pdf: missing license numbers
2026-02-04 13:57:03,074 - WARNING - Skipping chunk 17 in voting_minutes_2021-04-08.pdf: missing license numbers
2026-02-04 13:57:03,075 - INFO - [67/140] Processing: ../voting_minutes_pdfs/voting_minutes_2021-04-20.pdf
2026-02-04 13:57:03,078 - WARNING - No Transactional Hearing section found in ../voting_minutes_pdfs/voting_minutes_2021-04-20.pdf
2026-02-04 13:57:03,078 - WARNING - No hearings extracted.
2026-02-04 13:57:03,078 - ERROR - Pipeline failed at step InvariantPluginStep: argument of type 'NoneType' is not iterable
2026-02-04 13:57:03,078 - ERROR - Pipeline failed for ../voting_minutes_pdfs/voting_minutes_2021-04-20.pdf: argument of type 'NoneType' is not iterable
2026-02-04 13:57:03,078 - INFO - [68/140] Processing: ../voting_minutes_pdfs/voting_minutes_2020-10-08.pdf
2026-02-04 13:57:03,084 - WARNING - No hearings extracted from ../voting_minutes_pdfs/voting_minutes_2020-10-08.pdf
2026-02-04 13:57:03,084 - WARNING - Pipeline stopped after TextJsonExtractorStep: License text data not provided in KVStore
2026-02-04 13:57:03,084 - ERROR - Pipeline failed for ../voting_minutes_pdfs/voting_minutes_2020-10-08.pdf: License text data not provided in KVStore
2026-02-04 13:57:03,084 - INFO - [69/140] Processing: ../voting_minutes_pdfs/voting_minutes_2025-02-13.pdf
2026-02-04 13:57:03,127 - WARNING - Skipping chunk 13 in voting_minutes_2025-02-13.pdf: missing license numbers
2026-02-04 13:57:03,130 - INFO - [70/140] Processing: ../voting_minutes_pdfs/voting_minutes_2024-04-04.pdf
2026-02-04 13:57:03,143 - INFO - [71/140] Processing: ../voting_minutes_pdfs/voting_minutes_2022-01-27.pdf
2026-02-04 13:57:03,159 - INFO - [72/140] Processing: ../voting_minutes_pdfs/voting_minutes_2020-05-28.pdf
2026-02-04 13:57:03,164 - INFO - [73/140] Processing: ../voting_minutes_pdfs/voting_minutes_2020-05-14.pdf
2026-02-04 13:57:03,169 - INFO - [74/140] Processing: ../voting_minutes_pdfs/voting_minutes_yyyy-11-06.pdf
2026-02-04 13:57:03,190 - INFO - [75/140] Processing: ../voting_minutes_pdfs/voting_minutes_2024-11-14.pdf
2026-02-04 13:57:03,207 - INFO - [76/140] Processing: ../voting_minutes_pdfs/voting_minutes_2025-10-23.pdf
2026-02-04 13:57:03,241 - INFO - [77/140] Processing: ../voting_minutes_pdfs/voting_minutes_2021-06-03.pdf
2026-02-04 13:57:03,248 - WARNING - Skipping chunk 16 in voting_minutes_2021-06-03.pdf: missing license numbers
2026-02-04 13:57:03,248 - WARNING - Skipping chunk 17 in voting_minutes_2021-06-03.pdf: missing license numbers
2026-02-04 13:57:03,248 - WARNING - Skipping chunk 18 in voting_minutes_2021-06-03.pdf: missing license numbers
2026-02-04 13:57:03,248 - WARNING - Skipping chunk 19 in voting_minutes_2021-06-03.pdf: missing license numbers
2026-02-04 13:57:03,248 - WARNING - Skipping chunk 20 in voting_minutes_2021-06-03.pdf: missing license numbers
2026-02-04 13:57:03,248 - WARNING - Skipping chunk 21 in voting_minutes_2021-06-03.pdf: missing license numbers
2026-02-04 13:57:03,248 - WARNING - Skipping chunk 22 in voting_minutes_2021-06-03.pdf: missing license numbers
2026-02-04 13:57:03,248 - WARNING - Skipping chunk 23 in voting_minutes_2021-06-03.pdf: missing license numbers
2026-02-04 13:57:03,248 - WARNING - Skipping chunk 24 in voting_minutes_2021-06-03.pdf: missing license numbers
2026-02-04 13:57:03,248 - WARNING - Skipping chunk 25 in voting_minutes_2021-06-03.pdf: missing license numbers
2026-02-04 13:57:03,248 - WARNING - Skipping chunk 26 in voting_minutes_2021-06-03.pdf: missing license numbers
2026-02-04 13:57:03,248 - WARNING - Skipping chunk 27 in voting_minutes_2021-06-03.pdf: missing license numbers
2026-02-04 13:57:03,248 - WARNING - Skipping chunk 28 in voting_minutes_2021-06-03.pdf: missing license numbers
2026-02-04 13:57:03,248 - WARNING - Skipping chunk 29 in voting_minutes_2021-06-03.pdf: missing license numbers
2026-02-04 13:57:03,250 - INFO - [78/140] Processing: ../voting_minutes_pdfs/voting_minutes_2024-03-28.pdf
2026-02-04 13:57:03,270 - INFO - [79/140] Processing: ../voting_minutes_pdfs/voting_minutes_2023-05-04.pdf
2026-02-04 13:57:03,283 - INFO - [80/140] Processing: ../voting_minutes_pdfs/voting_minutes_2024-01-04.pdf
2026-02-04 13:57:03,299 - WARNING - Skipping chunk 15 in voting_minutes_2024-01-04.pdf: missing license numbers
2026-02-04 13:57:03,299 - WARNING - Skipping chunk 17 in voting_minutes_2024-01-04.pdf: missing license numbers
2026-02-04 13:57:03,299 - WARNING - Skipping chunk 23 in voting_minutes_2024-01-04.pdf: missing license numbers
2026-02-04 13:57:03,302 - INFO - [81/140] Processing: ../voting_minutes_pdfs/voting_minutes_2024-08-08.pdf
2026-02-04 13:57:03,315 - INFO - [82/140] Processing: ../voting_minutes_pdfs/voting_minutes_2024-08-22.pdf
2026-02-04 13:57:03,328 - INFO - [83/140] Processing: ../voting_minutes_pdfs/voting_minutes_2022-06-08.pdf
2026-02-04 13:57:03,345 - INFO - [84/140] Processing: ../voting_minutes_pdfs/voting_minutes_2022-08-25.pdf
2026-02-04 13:57:03,374 - INFO - [85/140] Processing: ../voting_minutes_pdfs/voting_minutes_2021-11-18.pdf
2026-02-04 13:57:03,387 - INFO - [86/140] Processing: ../voting_minutes_pdfs/voting_minutes_yyyy-mm-dd.pdf
2026-02-04 13:57:03,392 - WARNING - Skipping chunk 15 in voting_minutes_yyyy-mm-dd.pdf: missing license numbers
2026-02-04 13:57:03,392 - WARNING - Skipping chunk 16 in voting_minutes_yyyy-mm-dd.pdf: missing license numbers
2026-02-04 13:57:03,392 - WARNING - Skipping chunk 17 in voting_minutes_yyyy-mm-dd.pdf: missing license numbers
2026-02-04 13:57:03,394 - INFO - [87/140] Processing: ../voting_minutes_pdfs/voting_minutes_2021-01-21.pdf
2026-02-04 13:57:03,396 - WARNING - No Transactional Hearing section found in ../voting_minutes_pdfs/voting_minutes_2021-01-21.pdf
2026-02-04 13:57:03,396 - WARNING - No hearings extracted.
2026-02-04 13:57:03,396 - ERROR - Pipeline failed at step InvariantPluginStep: argument of type 'NoneType' is not iterable
2026-02-04 13:57:03,396 - ERROR - Pipeline failed for ../voting_minutes_pdfs/voting_minutes_2021-01-21.pdf: argument of type 'NoneType' is not iterable
2026-02-04 13:57:03,396 - INFO - [88/140] Processing: ../voting_minutes_pdfs/voting_minutes_2025-05-01.pdf
2026-02-04 13:57:03,433 - INFO - [89/140] Processing: ../voting_minutes_pdfs/voting_minutes_2025-05-15.pdf
2026-02-04 13:57:03,458 - WARNING - Skipping chunk 18 in voting_minutes_2025-05-15.pdf: missing license numbers
2026-02-04 13:57:03,462 - INFO - [90/140] Processing: ../voting_minutes_pdfs/voting_minutes_2025-05-29.pdf
2026-02-04 13:57:03,486 - WARNING - Skipping chunk 16 in voting_minutes_2025-05-29.pdf: missing license numbers
2026-02-04 13:57:03,489 - INFO - [91/140] Processing: ../voting_minutes_pdfs/voting_minutes_2023-10-26.pdf
2026-02-04 13:57:03,510 - INFO - [92/140] Processing: ../voting_minutes_pdfs/voting_minutes_2025-12-18.pdf
2026-02-04 13:57:03,524 - WARNING - No hearings extracted from ../voting_minutes_pdfs/voting_minutes_2025-12-18.pdf
2026-02-04 13:57:03,525 - WARNING - Pipeline stopped after TextJsonExtractorStep: License text data not provided in KVStore
2026-02-04 13:57:03,525 - ERROR - Pipeline failed for ../voting_minutes_pdfs/voting_minutes_2025-12-18.pdf: License text data not provided in KVStore
2026-02-04 13:57:03,525 - INFO - [93/140] Processing: ../voting_minutes_pdfs/voting_minutes_2020-12-03.pdf
2026-02-04 13:57:03,538 - INFO - [94/140] Processing: ../voting_minutes_pdfs/voting_minutes_2024-06-26.pdf
2026-02-04 13:57:03,557 - INFO - [95/140] Processing: ../voting_minutes_pdfs/voting_minutes_2024-03-07.pdf
2026-02-04 13:57:03,566 - INFO - [96/140] Processing: ../voting_minutes_pdfs/voting_minutes_2022-06-30.pdf
2026-02-04 13:57:03,587 - INFO - [97/140] Processing: ../voting_minutes_pdfs/voting_minutes_2021-04-29.pdf
2026-02-04 13:57:03,600 - INFO - [98/140] Processing: ../voting_minutes_pdfs/voting_minutes_2021-04-01.pdf
2026-02-04 13:57:03,614 - WARNING - *********Could not parse date from first line: 'Transactional Hearing'
2026-02-04 13:57:03,619 - INFO - [99/140] Processing: ../voting_minutes_pdfs/voting_minutes_2023-09-28.pdf
2026-02-04 13:57:03,636 - INFO - [100/140] Processing: ../voting_minutes_pdfs/voting_minutes_2020-10-29.pdf
2026-02-04 13:57:03,652 - INFO - [101/140] Processing: ../voting_minutes_pdfs/voting_minutes_2020-10-01.pdf
2026-02-04 13:57:03,664 - INFO - [102/140] Processing: ../voting_minutes_pdfs/voting_minutes_2023-09-14.pdf
2026-02-04 13:57:03,685 - WARNING - Skipping chunk 25 in voting_minutes_2023-09-14.pdf: missing license numbers
2026-02-04 13:57:03,689 - INFO - [103/140] Processing: ../voting_minutes_pdfs/voting_minutes_2024-04-25.pdf
2026-02-04 13:57:03,707 - INFO - [104/140] Processing: ../voting_minutes_pdfs/voting_minutes_2025-02-27.pdf
2026-02-04 13:57:03,732 - INFO - [105/140] Processing: ../voting_minutes_pdfs/voting_minutes_2022-11-17.pdf
2026-02-04 13:57:03,747 - INFO - [106/140] Processing: ../voting_minutes_pdfs/voting_minutes_2022-11-03.pdf
2026-02-04 13:57:03,759 - INFO - [107/140] Processing: ../voting_minutes_pdfs/voting_minutes_2020-07-30.pdf
2026-02-04 13:57:03,765 - WARNING - Skipping chunk 9 in voting_minutes_2020-07-30.pdf: missing license numbers
2026-02-04 13:57:03,765 - WARNING - Skipping chunk 10 in voting_minutes_2020-07-30.pdf: missing license numbers
2026-02-04 13:57:03,765 - WARNING - Skipping chunk 11 in voting_minutes_2020-07-30.pdf: missing license numbers
2026-02-04 13:57:03,766 - INFO - [108/140] Processing: ../voting_minutes_pdfs/voting_minutes_2022-01-06.pdf
2026-02-04 13:57:03,783 - INFO - [109/140] Processing: ../voting_minutes_pdfs/voting_minutes_2022-03-03.pdf
2026-02-04 13:57:03,798 - INFO - [110/140] Processing: ../voting_minutes_pdfs/voting_minutes_2025-07-17.pdf
2026-02-04 13:57:03,826 - INFO - [111/140] Processing: ../voting_minutes_pdfs/voting_minutes_2020-05-21.pdf
2026-02-04 13:57:03,831 - INFO - [112/140] Processing: ../voting_minutes_pdfs/voting_minutes_2022-07-14.pdf
2026-02-04 13:57:03,844 - INFO - [113/140] Processing: ../voting_minutes_pdfs/voting_minutes_2022-07-28.pdf
2026-02-04 13:57:03,857 - WARNING - Skipping chunk 22 in voting_minutes_2022-07-28.pdf: missing license numbers
2026-02-04 13:57:03,860 - INFO - [114/140] Processing: ../voting_minutes_pdfs/voting_minutes_2021-02-04.pdf
2026-02-04 13:57:03,869 - INFO - [115/140] Processing: ../voting_minutes_pdfs/voting_minutes_2022-05-05.pdf
2026-02-04 13:57:03,882 - INFO - [116/140] Processing: ../voting_minutes_pdfs/voting_minutes_2023-04-27.pdf
2026-02-04 13:57:03,897 - INFO - [117/140] Processing: ../voting_minutes_pdfs/voting_minutes_2020-08-13.pdf
2026-02-04 13:57:03,900 - WARNING - Skipping chunk 1 in voting_minutes_2020-08-13.pdf: missing license numbers
2026-02-04 13:57:03,900 - WARNING - No hearings extracted from ../voting_minutes_pdfs/voting_minutes_2020-08-13.pdf
2026-02-04 13:57:03,900 - WARNING - Pipeline stopped after TextJsonExtractorStep: License text data not provided in KVStore
2026-02-04 13:57:03,900 - ERROR - Pipeline failed for ../voting_minutes_pdfs/voting_minutes_2020-08-13.pdf: License text data not provided in KVStore
2026-02-04 13:57:03,900 - INFO - [118/140] Processing: ../voting_minutes_pdfs/voting_minutes_2021-09-30.pdf
2026-02-04 13:57:03,923 - WARNING - *********Could not parse date from first line: 'Transactional Hearing'
2026-02-04 13:57:03,927 - INFO - [119/140] Processing: ../voting_minutes_pdfs/voting_minutes_2023-06-08.pdf
2026-02-04 13:57:03,943 - INFO - [120/140] Processing: ../voting_minutes_pdfs/voting_minutes_2021-10-07.pdf
2026-02-04 13:57:03,955 - WARNING - Skipping chunk 14 in voting_minutes_2021-10-07.pdf: missing license numbers
2026-02-04 13:57:03,957 - INFO - [121/140] Processing: ../voting_minutes_pdfs/voting_minutes_2024-05-01.pdf
2026-02-04 13:57:03,974 - INFO - [122/140] Processing: ../voting_minutes_pdfs/voting_minutes_2024-02-08.pdf
2026-02-04 13:57:03,990 - WARNING - Skipping chunk 7 in voting_minutes_2024-02-08.pdf: missing license numbers
2026-02-04 13:57:03,991 - INFO - [123/140] Processing: ../voting_minutes_pdfs/voting_minutes_2021-12-16.pdf
2026-02-04 13:57:04,008 - INFO - [124/140] Processing: ../voting_minutes_pdfs/voting_minutes_2021-12-02.pdf
2026-02-04 13:57:04,024 - INFO - [125/140] Processing: ../voting_minutes_pdfs/voting_minutes_2024-07-11.pdf
2026-02-04 13:57:04,040 - INFO - [126/140] Processing: ../voting_minutes_pdfs/voting_minutes_2025-06-26.pdf
2026-02-04 13:57:04,077 - WARNING - Skipping chunk 17 in voting_minutes_2025-06-26.pdf: missing license numbers
2026-02-04 13:57:04,081 - INFO - [127/140] Processing: ../voting_minutes_pdfs/voting_minutes_2021-05-27.pdf
2026-02-04 13:57:04,097 - INFO - [128/140] Processing: ../voting_minutes_pdfs/voting_minutes_2022-10-26.pdf
2026-02-04 13:57:04,117 - INFO - [129/140] Processing: ../voting_minutes_pdfs/voting_minutes_2025-03-06.pdf
2026-02-04 13:57:04,132 - INFO - [130/140] Processing: ../voting_minutes_pdfs/voting_minutes_2024-10-31.pdf
2026-02-04 13:57:04,155 - WARNING - Skipping chunk 18 in voting_minutes_2024-10-31.pdf: missing license numbers
2026-02-04 13:57:04,159 - INFO - [131/140] Processing: ../voting_minutes_pdfs/voting_minutes_2025-01-16.pdf
2026-02-04 13:57:04,176 - INFO - [132/140] Processing: ../voting_minutes_pdfs/voting_minutes_2020-06-04.pdf
2026-02-04 13:57:04,183 - INFO - [133/140] Processing: ../voting_minutes_pdfs/voting_minutes_2023-01-05.pdf
2026-02-04 13:57:04,200 - INFO - [134/140] Processing: ../voting_minutes_pdfs/voting_minutes_2023-11-02.pdf
2026-02-04 13:57:04,215 - INFO - [135/140] Processing: ../voting_minutes_pdfs/voting_minutes_2023-11-16.pdf
2026-02-04 13:57:04,235 - WARNING - Skipping chunk 12 in voting_minutes_2023-11-16.pdf: missing license numbers
2026-02-04 13:57:04,238 - INFO - [136/140] Processing: ../voting_minutes_pdfs/voting_minutes_2026-01-08.pdf
2026-02-04 13:57:04,271 - INFO - [137/140] Processing: ../voting_minutes_pdfs/voting_minutes_2024-09-12.pdf
2026-02-04 13:57:04,289 - INFO - [138/140] Processing: ../voting_minutes_pdfs/voting_minutes_2022-09-29.pdf
2026-02-04 13:57:04,308 - INFO - [139/140] Processing: ../voting_minutes_pdfs/voting_minutes_2021-10-28.pdf
2026-02-04 13:57:04,322 - INFO - [140/140] Processing: ../voting_minutes_pdfs/voting_minutes_2022-09-15.pdf
2026-02-04 13:57:04,352 - INFO - Successfully wrote 2388 licenses to ../licenses.json
2026-02-04 13:57:13,095 - INFO - Stats report generated at: /Users/dan/Code/Vibe_Coding/Code_For_Boston/Licensing-Board-Minutes/transform/report.html
2026-02-04 13:57:13,308 - INFO - Successfully exported data to ../licenses.xlsx
2026-02-04 14:01:01,097 - INFO - Found 140 PDF files in ../voting_minutes_pdfs
2026-02-04 14:01:01,097 - INFO - [1/140] Processing: ../voting_minutes_pdfs/voting_minutes_2021-07-01.pdf
2026-02-04 14:01:01,115 - INFO - [2/140] Processing: ../voting_minutes_pdfs/voting_minutes_2021-07-29.pdf
2026-02-04 14:01:01,137 - INFO - [3/140] Processing: ../voting_minutes_pdfs/voting_minutes_2024-05-23.pdf
2026-02-04 14:01:01,160 - INFO - [4/140] Processing: ../voting_minutes_pdfs/voting_minutes_2021-02-25.pdf
2026-02-04 14:01:01,175 - INFO - [5/140] Processing: ../voting_minutes_pdfs/voting_minutes_2025-06-05.pdf
2026-02-04 14:01:01,193 - INFO - [6/140] Processing: ../voting_minutes_pdfs/voting_minutes_2025-08-28.pdf
2026-02-04 14:01:01,231 - WARNING - Skipping chunk 37 in voting_minutes_2025-08-28.pdf: missing license numbers
2026-02-04 14:01:01,236 - INFO - [7/140] Processing: ../voting_minutes_pdfs/voting_minutes_2024-10-17.pdf
2026-02-04 14:01:01,266 - INFO - [8/140] Processing: ../voting_minutes_pdfs/voting_minutes_2023-04-06.pdf
2026-02-04 14:01:01,281 - INFO - [9/140] Processing: ../voting_minutes_pdfs/voting_minutes_2022-12-15.pdf
2026-02-04 14:01:01,312 - INFO - [10/140] Processing: ../voting_minutes_pdfs/voting_minutes_2024-12-12.pdf
2026-02-04 14:01:01,338 - WARNING - Skipping chunk 24 in voting_minutes_2024-12-12.pdf: missing license numbers
2026-02-04 14:01:01,344 - INFO - [11/140] Processing: ../voting_minutes_pdfs/voting_minutes_2023-06-29.pdf
2026-02-04 14:01:01,363 - INFO - [12/140] Processing: ../voting_minutes_pdfs/voting_minutes_2020-11-05.pdf
2026-02-04 14:01:01,370 - INFO - [13/140] Processing: ../voting_minutes_pdfs/voting_minutes_2022-10-06.pdf
2026-02-04 14:01:01,378 - WARNING - No hearings extracted from ../voting_minutes_pdfs/voting_minutes_2022-10-06.pdf
2026-02-04 14:01:01,378 - WARNING - Pipeline stopped after TextJsonExtractorStep: License text data not provided in KVStore
2026-02-04 14:01:01,378 - ERROR - Pipeline failed for ../voting_minutes_pdfs/voting_minutes_2022-10-06.pdf: License text data not provided in KVStore
2026-02-04 14:01:01,378 - INFO - [14/140] Processing: ../voting_minutes_pdfs/voting_minutes_2024-02-01.pdf
2026-02-04 14:01:01,399 - INFO - [15/140] Processing: ../voting_minutes_pdfs/voting_minutes_2025-04-17.pdf
2026-02-04 14:01:01,422 - INFO - [16/140] Processing: ../voting_minutes_pdfs/voting_minutes_2024-02-29.pdf
2026-02-04 14:01:01,446 - INFO - [17/140] Processing: ../voting_minutes_pdfs/voting_minutes_2025-04-03.pdf
2026-02-04 14:01:01,463 - WARNING - Skipping chunk 11 in voting_minutes_2025-04-03.pdf: missing license numbers
2026-02-04 14:01:01,464 - INFO - [18/140] Processing: ../voting_minutes_pdfs/voting_minutes_2020-04-30.pdf
2026-02-04 14:01:01,470 - INFO - [19/140] Processing: ../voting_minutes_pdfs/voting_minutes_2023-03-30.pdf
2026-02-04 14:01:01,498 - INFO - [20/140] Processing: ../voting_minutes_pdfs/voting_minutes_2022-05-26.pdf
2026-02-04 14:01:01,520 - WARNING - Skipping chunk 20 in voting_minutes_2022-05-26.pdf: missing license numbers
2026-02-04 14:01:01,524 - INFO - [21/140] Processing: ../voting_minutes_pdfs/voting_minutes_2021-05-06.pdf
2026-02-04 14:01:01,535 - INFO - [22/140] Processing: ../voting_minutes_pdfs/voting_minutes_2023-01-25.pdf
2026-02-04 14:01:01,547 - INFO - [23/140] Processing: ../voting_minutes_pdfs/voting_minutes_2021-09-02.pdf
2026-02-04 14:01:01,560 - WARNING - Skipping chunk 15 in voting_minutes_2021-09-02.pdf: missing license numbers
2026-02-04 14:01:01,562 - INFO - [24/140] Processing: ../voting_minutes_pdfs/voting_minutes_2025-03-27.pdf
2026-02-04 14:01:01,594 - WARNING - Skipping chunk 9 in voting_minutes_2025-03-27.pdf: missing license numbers
2026-02-04 14:01:01,600 - INFO - [25/140] Processing: ../voting_minutes_pdfs/voting_minutes_2022-02-17.pdf
2026-02-04 14:01:01,611 - INFO - [26/140] Processing: ../voting_minutes_pdfs/voting_minutes_2022-02-03.pdf
2026-02-04 14:01:01,622 - INFO - [27/140] Processing: ../voting_minutes_pdfs/voting_minutes_2023-03-08.pdf
2026-02-04 14:01:01,641 - WARNING - Skipping chunk 12 in voting_minutes_2023-03-08.pdf: missing license numbers
2026-02-04 14:01:01,641 - WARNING - Skipping chunk 19 in voting_minutes_2023-03-08.pdf: missing license numbers
2026-02-04 14:01:01,645 - INFO - [28/140] Processing: ../voting_minutes_pdfs/voting_minutes_2025-08-07.pdf
2026-02-04 14:01:01,667 - WARNING - Skipping chunk 13 in voting_minutes_2025-08-07.pdf: missing license numbers
2026-02-04 14:01:01,671 - INFO - [29/140] Processing: ../voting_minutes_pdfs/voting_minutes_2025-01-23.pdf
2026-02-04 14:01:01,695 - INFO - [30/140] Processing: ../voting_minutes_pdfs/voting_minutes_2020-08-20.pdf
2026-02-04 14:01:01,701 - WARNING - Skipping chunk 12 in voting_minutes_2020-08-20.pdf: missing license numbers
2026-02-04 14:01:01,701 - WARNING - Skipping chunk 13 in voting_minutes_2020-08-20.pdf: missing license numbers
2026-02-04 14:01:01,701 - WARNING - Skipping chunk 14 in voting_minutes_2020-08-20.pdf: missing license numbers
2026-02-04 14:01:01,701 - WARNING - Skipping chunk 15 in voting_minutes_2020-08-20.pdf: missing license numbers
2026-02-04 14:01:01,702 - INFO - [31/140] Processing: ../voting_minutes_pdfs/voting_minutes_2025-01-09.pdf
2026-02-04 14:01:01,722 - INFO - [32/140] Processing: ../voting_minutes_pdfs/voting_minutes_2024-09-26.pdf
2026-02-04 14:01:01,744 - INFO - [33/140] Processing: ../voting_minutes_pdfs/voting_minutes_2026-01-29.pdf
2026-02-04 14:01:01,774 - INFO - [34/140] Processing: ../voting_minutes_pdfs/voting_minutes_2020-04-23.pdf
2026-02-04 14:01:01,783 - INFO - [35/140] Processing: ../voting_minutes_pdfs/voting_minutes_2023-08-17.pdf
2026-02-04 14:01:01,805 - WARNING - *********Could not parse date from first line: 'Board to schedule transactional hearing on d/b/a change and will seek further information on'
2026-02-04 14:01:01,810 - INFO - [36/140] Processing: ../voting_minutes_pdfs/voting_minutes_2023-12-14.pdf
2026-02-04 14:01:01,840 - INFO - [37/140] Processing: ../voting_minutes_pdfs/voting_minutes_2022-04-07.pdf
2026-02-04 14:01:01,869 - INFO - [38/140] Processing: ../voting_minutes_pdfs/voting_minutes_2024-11-21.pdf
2026-02-04 14:01:01,885 - INFO - [39/140] Processing: ../voting_minutes_pdfs/voting_minutes_2020-09-10.pdf
2026-02-04 14:01:01,896 - INFO - [40/140] Processing: ../voting_minutes_pdfs/voting_minutes_2023-10-04.pdf
2026-02-04 14:01:01,908 - INFO - [41/140] Processing: ../voting_minutes_pdfs/voting_minutes_2021-08-26.pdf
2026-02-04 14:01:01,935 - INFO - [42/140] Processing: ../voting_minutes_pdfs/voting_minutes_2023-07-20.pdf
2026-02-04 14:01:01,956 - INFO - [43/140] Processing: ../voting_minutes_pdfs/voting_minutes_2023-05-25.pdf
2026-02-04 14:01:01,977 - WARNING - Skipping chunk 23 in voting_minutes_2023-05-25.pdf: missing license numbers
2026-02-04 14:01:01,982 - INFO - [44/140] Processing: ../voting_minutes_pdfs/voting_minutes_2024-08-01.pdf
2026-02-04 14:01:01,999 - WARNING - Skipping chunk 5 in voting_minutes_2024-08-01.pdf: missing license numbers
2026-02-04 14:01:02,002 - INFO - [45/140] Processing: ../voting_minutes_pdfs/voting_minutes_2020-05-07.pdf
2026-02-04 14:01:02,006 - WARNING - No hearings extracted from ../voting_minutes_pdfs/voting_minutes_2020-05-07.pdf
2026-02-04 14:01:02,006 - WARNING - Pipeline stopped after TextJsonExtractorStep: License text data not provided in KVStore
2026-02-04 14:01:02,006 - ERROR - Pipeline failed for ../voting_minutes_pdfs/voting_minutes_2020-05-07.pdf: License text data not provided in KVStore
2026-02-04 14:01:02,006 - INFO - [46/140] Processing: ../voting_minutes_pdfs/voting_minutes_2024-06-06.pdf
2026-02-04 14:01:02,021 - INFO - [47/140] Processing: ../voting_minutes_pdfs/voting_minutes_2025-07-31.pdf
2026-02-04 14:01:02,047 - INFO - [48/140] Processing: ../voting_minutes_pdfs/voting_minutes_2020-12-23.pdf
2026-02-04 14:01:02,056 - WARNING - *********Could not parse date from first line: 'December 22nd transactional hearings'
2026-02-04 14:01:02,059 - INFO - [49/140] Processing: ../voting_minutes_pdfs/voting_minutes_2025-10-01.pdf
2026-02-04 14:01:02,081 - INFO - [50/140] Processing: ../voting_minutes_pdfs/voting_minutes_2022-08-04.pdf
2026-02-04 14:01:02,088 - WARNING - Skipping chunk 12 in voting_minutes_2022-08-04.pdf: missing license numbers
2026-02-04 14:01:02,090 - INFO - [51/140] Processing: ../voting_minutes_pdfs/voting_minutes_2022-01-20.pdf
2026-02-04 14:01:02,095 - WARNING - No hearings extracted from ../voting_minutes_pdfs/voting_minutes_2022-01-20.pdf
2026-02-04 14:01:02,096 - WARNING - Pipeline stopped after TextJsonExtractorStep: License text data not provided in KVStore
2026-02-04 14:01:02,096 - ERROR - Pipeline failed for ../voting_minutes_pdfs/voting_minutes_2022-01-20.pdf: License text data not provided in KVStore
2026-02-04 14:01:02,096 - INFO - [52/140] Processing: ../voting_minutes_pdfs/voting_minutes_2025-12-04.pdf
2026-02-04 14:01:02,114 - INFO - [53/140] Processing: ../voting_minutes_pdfs/voting_minutes_2020-07-16.pdf
2026-02-04 14:01:02,126 - INFO - [54/140] Processing: ../voting_minutes_pdfs/voting_minutes_2021-01-28.pdf
2026-02-04 14:01:02,136 - INFO - [55/140] Processing: ../voting_minutes_pdfs/voting_minutes_2021-11-04.pdf
2026-02-04 14:01:02,146 - INFO - [56/140] Processing: ../voting_minutes_pdfs/voting_minutes_2022-03-24.pdf
2026-02-04 14:01:02,165 - WARNING - Skipping chunk 4 in voting_minutes_2022-03-24.pdf: missing license numbers
2026-02-04 14:01:02,170 - INFO - [57/140] Processing: ../voting_minutes_pdfs/voting_minutes_2021-03-04.pdf
2026-02-04 14:01:02,178 - WARNING - *********Could not parse date from first line: 'Transactional Hearing Wednesday, March 3'
2026-02-04 14:01:02,179 - INFO - [58/140] Processing: ../voting_minutes_pdfs/voting_minutes_2021-08-09.pdf
2026-02-04 14:01:02,189 - INFO - [59/140] Processing: ../voting_minutes_pdfs/voting_minutes_2021-06-24.pdf
2026-02-04 14:01:02,198 - WARNING - Skipping chunk 14 in voting_minutes_2021-06-24.pdf: missing license numbers
2026-02-04 14:01:02,198 - WARNING - Skipping chunk 17 in voting_minutes_2021-06-24.pdf: missing license numbers
2026-02-04 14:01:02,201 - INFO - [60/140] Processing: ../voting_minutes_pdfs/voting_minutes_2020-09-17.pdf
2026-02-04 14:01:02,211 - INFO - [61/140] Processing: ../voting_minutes_pdfs/voting_minutes_2023-02-02.pdf
2026-02-04 14:01:02,225 - INFO - [62/140] Processing: ../voting_minutes_pdfs/voting_minutes_2022-04-28.pdf
2026-02-04 14:01:02,243 - INFO - [63/140] Processing: ../voting_minutes_pdfs/voting_minutes_2023-02-16.pdf
2026-02-04 14:01:02,259 - INFO - [64/140] Processing: ../voting_minutes_pdfs/voting_minutes_yyyy-11-20.pdf
2026-02-04 14:01:02,287 - INFO - [65/140] Processing: ../voting_minutes_pdfs/voting_minutes_2025-09-18.pdf
2026-02-04 14:01:02,322 - INFO - [66/140] Processing: ../voting_minutes_pdfs/voting_minutes_2021-04-08.pdf
2026-02-04 14:01:02,327 - WARNING - Skipping chunk 15 in voting_minutes_2021-04-08.pdf: missing license numbers
2026-02-04 14:01:02,327 - WARNING - Skipping chunk 16 in voting_minutes_2021-04-08.pdf: missing license numbers
2026-02-04 14:01:02,327 - WARNING - Skipping chunk 17 in voting_minutes_2021-04-08.pdf: missing license numbers
2026-02-04 14:01:02,328 - INFO - [67/140] Processing: ../voting_minutes_pdfs/voting_minutes_2021-04-20.pdf
2026-02-04 14:01:02,331 - WARNING - No Transactional Hearing section found in ../voting_minutes_pdfs/voting_minutes_2021-04-20.pdf
2026-02-04 14:01:02,331 - WARNING - No hearings extracted.
2026-02-04 14:01:02,331 - ERROR - Pipeline failed at step InvariantPluginStep: argument of type 'NoneType' is not iterable
2026-02-04 14:01:02,331 - ERROR - Pipeline failed for ../voting_minutes_pdfs/voting_minutes_2021-04-20.pdf: argument of type 'NoneType' is not iterable
2026-02-04 14:01:02,332 - INFO - [68/140] Processing: ../voting_minutes_pdfs/voting_minutes_2020-10-08.pdf
2026-02-04 14:01:02,337 - WARNING - No hearings extracted from ../voting_minutes_pdfs/voting_minutes_2020-10-08.pdf
2026-02-04 14:01:02,337 - WARNING - Pipeline stopped after TextJsonExtractorStep: License text data not provided in KVStore
2026-02-04 14:01:02,337 - ERROR - Pipeline failed for ../voting_minutes_pdfs/voting_minutes_2020-10-08.pdf: License text data not provided in KVStore
2026-02-04 14:01:02,337 - INFO - [69/140] Processing: ../voting_minutes_pdfs/voting_minutes_2025-02-13.pdf
2026-02-04 14:01:02,379 - WARNING - Skipping chunk 13 in voting_minutes_2025-02-13.pdf: missing license numbers
2026-02-04 14:01:02,383 - INFO - [70/140] Processing: ../voting_minutes_pdfs/voting_minutes_2024-04-04.pdf
2026-02-04 14:01:02,396 - INFO - [71/140] Processing: ../voting_minutes_pdfs/voting_minutes_2022-01-27.pdf
2026-02-04 14:01:02,412 - INFO - [72/140] Processing: ../voting_minutes_pdfs/voting_minutes_2020-05-28.pdf
2026-02-04 14:01:02,417 - INFO - [73/140] Processing: ../voting_minutes_pdfs/voting_minutes_2020-05-14.pdf
2026-02-04 14:01:02,422 - INFO - [74/140] Processing: ../voting_minutes_pdfs/voting_minutes_yyyy-11-06.pdf
2026-02-04 14:01:02,443 - INFO - [75/140] Processing: ../voting_minutes_pdfs/voting_minutes_2024-11-14.pdf
2026-02-04 14:01:02,460 - INFO - [76/140] Processing: ../voting_minutes_pdfs/voting_minutes_2025-10-23.pdf
2026-02-04 14:01:02,493 - INFO - [77/140] Processing: ../voting_minutes_pdfs/voting_minutes_2021-06-03.pdf
2026-02-04 14:01:02,500 - WARNING - Skipping chunk 16 in voting_minutes_2021-06-03.pdf: missing license numbers
2026-02-04 14:01:02,500 - WARNING - Skipping chunk 17 in voting_minutes_2021-06-03.pdf: missing license numbers
2026-02-04 14:01:02,500 - WARNING - Skipping chunk 18 in voting_minutes_2021-06-03.pdf: missing license numbers
2026-02-04 14:01:02,500 - WARNING - Skipping chunk 19 in voting_minutes_2021-06-03.pdf: missing license numbers
2026-02-04 14:01:02,500 - WARNING - Skipping chunk 20 in voting_minutes_2021-06-03.pdf: missing license numbers
2026-02-04 14:01:02,500 - WARNING - Skipping chunk 21 in voting_minutes_2021-06-03.pdf: missing license numbers
2026-02-04 14:01:02,500 - WARNING - Skipping chunk 22 in voting_minutes_2021-06-03.pdf: missing license numbers
2026-02-04 14:01:02,500 - WARNING - Skipping chunk 23 in voting_minutes_2021-06-03.pdf: missing license numbers
2026-02-04 14:01:02,500 - WARNING - Skipping chunk 24 in voting_minutes_2021-06-03.pdf: missing license numbers
2026-02-04 14:01:02,500 - WARNING - Skipping chunk 25 in voting_minutes_2021-06-03.pdf: missing license numbers
2026-02-04 14:01:02,500 - WARNING - Skipping chunk 26 in voting_minutes_2021-06-03.pdf: missing license numbers
2026-02-04 14:01:02,500 - WARNING - Skipping chunk 27 in voting_minutes_2021-06-03.pdf: missing license numbers
2026-02-04 14:01:02,500 - WARNING - Skipping chunk 28 in voting_minutes_2021-06-03.pdf: missing license numbers
2026-02-04 14:01:02,500 - WARNING - Skipping chunk 29 in voting_minutes_2021-06-03.pdf: missing license numbers
2026-02-04 14:01:02,502 - INFO - [78/140] Processing: ../voting_minutes_pdfs/voting_minutes_2024-03-28.pdf
2026-02-04 14:01:02,525 - INFO - [79/140] Processing: ../voting_minutes_pdfs/voting_minutes_2023-05-04.pdf
2026-02-04 14:01:02,536 - INFO - [80/140] Processing: ../voting_minutes_pdfs/voting_minutes_2024-01-04.pdf
2026-02-04 14:01:02,553 - WARNING - Skipping chunk 15 in voting_minutes_2024-01-04.pdf: missing license numbers
2026-02-04 14:01:02,553 - WARNING - Skipping chunk 17 in voting_minutes_2024-01-04.pdf: missing license numbers
2026-02-04 14:01:02,553 - WARNING - Skipping chunk 23 in voting_minutes_2024-01-04.pdf: missing license numbers
2026-02-04 14:01:02,556 - INFO - [81/140] Processing: ../voting_minutes_pdfs/voting_minutes_2024-08-08.pdf
2026-02-04 14:01:02,569 - INFO - [82/140] Processing: ../voting_minutes_pdfs/voting_minutes_2024-08-22.pdf
2026-02-04 14:01:02,581 - INFO - [83/140] Processing: ../voting_minutes_pdfs/voting_minutes_2022-06-08.pdf
2026-02-04 14:01:02,597 - INFO - [84/140] Processing: ../voting_minutes_pdfs/voting_minutes_2022-08-25.pdf
2026-02-04 14:01:02,626 - INFO - [85/140] Processing: ../voting_minutes_pdfs/voting_minutes_2021-11-18.pdf
2026-02-04 14:01:02,639 - INFO - [86/140] Processing: ../voting_minutes_pdfs/voting_minutes_yyyy-mm-dd.pdf
2026-02-04 14:01:02,644 - WARNING - Skipping chunk 15 in voting_minutes_yyyy-mm-dd.pdf: missing license numbers
2026-02-04 14:01:02,644 - WARNING - Skipping chunk 16 in voting_minutes_yyyy-mm-dd.pdf: missing license numbers
2026-02-04 14:01:02,644 - WARNING - Skipping chunk 17 in voting_minutes_yyyy-mm-dd.pdf: missing license numbers
2026-02-04 14:01:02,646 - INFO - [87/140] Processing: ../voting_minutes_pdfs/voting_minutes_2021-01-21.pdf
2026-02-04 14:01:02,648 - WARNING - No Transactional Hearing section found in ../voting_minutes_pdfs/voting_minutes_2021-01-21.pdf
2026-02-04 14:01:02,648 - WARNING - No hearings extracted.
2026-02-04 14:01:02,648 - ERROR - Pipeline failed at step InvariantPluginStep: argument of type 'NoneType' is not iterable
2026-02-04 14:01:02,648 - ERROR - Pipeline failed for ../voting_minutes_pdfs/voting_minutes_2021-01-21.pdf: argument of type 'NoneType' is not iterable
2026-02-04 14:01:02,648 - INFO - [88/140] Processing: ../voting_minutes_pdfs/voting_minutes_2025-05-01.pdf
2026-02-04 14:01:02,684 - INFO - [89/140] Processing: ../voting_minutes_pdfs/voting_minutes_2025-05-15.pdf
2026-02-04 14:01:02,709 - WARNING - Skipping chunk 18 in voting_minutes_2025-05-15.pdf: missing license numbers
2026-02-04 14:01:02,713 - INFO - [90/140] Processing: ../voting_minutes_pdfs/voting_minutes_2025-05-29.pdf
2026-02-04 14:01:02,741 - WARNING - Skipping chunk 16 in voting_minutes_2025-05-29.pdf: missing license numbers
2026-02-04 14:01:02,744 - INFO - [91/140] Processing: ../voting_minutes_pdfs/voting_minutes_2023-10-26.pdf
2026-02-04 14:01:02,767 - INFO - [92/140] Processing: ../voting_minutes_pdfs/voting_minutes_2025-12-18.pdf
2026-02-04 14:01:02,781 - WARNING - No hearings extracted from ../voting_minutes_pdfs/voting_minutes_2025-12-18.pdf
2026-02-04 14:01:02,782 - WARNING - Pipeline stopped after TextJsonExtractorStep: License text data not provided in KVStore
2026-02-04 14:01:02,782 - ERROR - Pipeline failed for ../voting_minutes_pdfs/voting_minutes_2025-12-18.pdf: License text data not provided in KVStore
2026-02-04 14:01:02,782 - INFO - [93/140] Processing: ../voting_minutes_pdfs/voting_minutes_2020-12-03.pdf
2026-02-04 14:01:02,795 - INFO - [94/140] Processing: ../voting_minutes_pdfs/voting_minutes_2024-06-26.pdf
2026-02-04 14:01:02,814 - INFO - [95/140] Processing: ../voting_minutes_pdfs/voting_minutes_2024-03-07.pdf
2026-02-04 14:01:02,824 - INFO - [96/140] Processing: ../voting_minutes_pdfs/voting_minutes_2022-06-30.pdf
2026-02-04 14:01:02,844 - INFO - [97/140] Processing: ../voting_minutes_pdfs/voting_minutes_2021-04-29.pdf
2026-02-04 14:01:02,857 - INFO - [98/140] Processing: ../voting_minutes_pdfs/voting_minutes_2021-04-01.pdf
2026-02-04 14:01:02,871 - WARNING - *********Could not parse date from first line: 'Transactional Hearing'
2026-02-04 14:01:02,875 - INFO - [99/140] Processing: ../voting_minutes_pdfs/voting_minutes_2023-09-28.pdf
2026-02-04 14:01:02,892 - INFO - [100/140] Processing: ../voting_minutes_pdfs/voting_minutes_2020-10-29.pdf
2026-02-04 14:01:02,909 - INFO - [101/140] Processing: ../voting_minutes_pdfs/voting_minutes_2020-10-01.pdf
2026-02-04 14:01:02,921 - INFO - [102/140] Processing: ../voting_minutes_pdfs/voting_minutes_2023-09-14.pdf
2026-02-04 14:01:02,942 - WARNING - Skipping chunk 25 in voting_minutes_2023-09-14.pdf: missing license numbers
2026-02-04 14:01:02,946 - INFO - [103/140] Processing: ../voting_minutes_pdfs/voting_minutes_2024-04-25.pdf
2026-02-04 14:01:02,964 - INFO - [104/140] Processing: ../voting_minutes_pdfs/voting_minutes_2025-02-27.pdf
2026-02-04 14:01:02,989 - INFO - [105/140] Processing: ../voting_minutes_pdfs/voting_minutes_2022-11-17.pdf
2026-02-04 14:01:03,003 - INFO - [106/140] Processing: ../voting_minutes_pdfs/voting_minutes_2022-11-03.pdf
2026-02-04 14:01:03,015 - INFO - [107/140] Processing: ../voting_minutes_pdfs/voting_minutes_2020-07-30.pdf
2026-02-04 14:01:03,021 - WARNING - Skipping chunk 9 in voting_minutes_2020-07-30.pdf: missing license numbers
2026-02-04 14:01:03,021 - WARNING - Skipping chunk 10 in voting_minutes_2020-07-30.pdf: missing license numbers
2026-02-04 14:01:03,021 - WARNING - Skipping chunk 11 in voting_minutes_2020-07-30.pdf: missing license numbers
2026-02-04 14:01:03,022 - INFO - [108/140] Processing: ../voting_minutes_pdfs/voting_minutes_2022-01-06.pdf
2026-02-04 14:01:03,038 - INFO - [109/140] Processing: ../voting_minutes_pdfs/voting_minutes_2022-03-03.pdf
2026-02-04 14:01:03,053 - INFO - [110/140] Processing: ../voting_minutes_pdfs/voting_minutes_2025-07-17.pdf
2026-02-04 14:01:03,081 - INFO - [111/140] Processing: ../voting_minutes_pdfs/voting_minutes_2020-05-21.pdf
2026-02-04 14:01:03,086 - INFO - [112/140] Processing: ../voting_minutes_pdfs/voting_minutes_2022-07-14.pdf
2026-02-04 14:01:03,099 - INFO - [113/140] Processing: ../voting_minutes_pdfs/voting_minutes_2022-07-28.pdf
2026-02-04 14:01:03,112 - WARNING - Skipping chunk 22 in voting_minutes_2022-07-28.pdf: missing license numbers
2026-02-04 14:01:03,115 - INFO - [114/140] Processing: ../voting_minutes_pdfs/voting_minutes_2021-02-04.pdf
2026-02-04 14:01:03,124 - INFO - [115/140] Processing: ../voting_minutes_pdfs/voting_minutes_2022-05-05.pdf
2026-02-04 14:01:03,136 - INFO - [116/140] Processing: ../voting_minutes_pdfs/voting_minutes_2023-04-27.pdf
2026-02-04 14:01:03,152 - INFO - [117/140] Processing: ../voting_minutes_pdfs/voting_minutes_2020-08-13.pdf
2026-02-04 14:01:03,155 - WARNING - Skipping chunk 1 in voting_minutes_2020-08-13.pdf: missing license numbers
2026-02-04 14:01:03,155 - WARNING - No hearings extracted from ../voting_minutes_pdfs/voting_minutes_2020-08-13.pdf
2026-02-04 14:01:03,155 - WARNING - Pipeline stopped after TextJsonExtractorStep: License text data not provided in KVStore
2026-02-04 14:01:03,155 - ERROR - Pipeline failed for ../voting_minutes_pdfs/voting_minutes_2020-08-13.pdf: License text data not provided in KVStore
2026-02-04 14:01:03,155 - INFO - [118/140] Processing: ../voting_minutes_pdfs/voting_minutes_2021-09-30.pdf
2026-02-04 14:01:03,178 - WARNING - *********Could not parse date from first line: 'Transactional Hearing'
2026-02-04 14:01:03,181 - INFO - [119/140] Processing: ../voting_minutes_pdfs/voting_minutes_2023-06-08.pdf
2026-02-04 14:01:03,197 - INFO - [120/140] Processing: ../voting_minutes_pdfs/voting_minutes_2021-10-07.pdf
2026-02-04 14:01:03,210 - WARNING - Skipping chunk 14 in voting_minutes_2021-10-07.pdf: missing license numbers
2026-02-04 14:01:03,212 - INFO - [121/140] Processing: ../voting_minutes_pdfs/voting_minutes_2024-05-01.pdf
2026-02-04 14:01:03,229 - INFO - [122/140] Processing: ../voting_minutes_pdfs/voting_minutes_2024-02-08.pdf
2026-02-04 14:01:03,244 - WARNING - Skipping chunk 7 in voting_minutes_2024-02-08.pdf: missing license numbers
2026-02-04 14:01:03,245 - INFO - [123/140] Processing: ../voting_minutes_pdfs/voting_minutes_2021-12-16.pdf
2026-02-04 14:01:03,262 - INFO - [124/140] Processing: ../voting_minutes_pdfs/voting_minutes_2021-12-02.pdf
2026-02-04 14:01:03,278 - INFO - [125/140] Processing: ../voting_minutes_pdfs/voting_minutes_2024-07-11.pdf
2026-02-04 14:01:03,294 - INFO - [126/140] Processing: ../voting_minutes_pdfs/voting_minutes_2025-06-26.pdf
2026-02-04 14:01:03,331 - WARNING - Skipping chunk 17 in voting_minutes_2025-06-26.pdf: missing license numbers
2026-02-04 14:01:03,334 - INFO - [127/140] Processing: ../voting_minutes_pdfs/voting_minutes_2021-05-27.pdf
2026-02-04 14:01:03,350 - INFO - [128/140] Processing: ../voting_minutes_pdfs/voting_minutes_2022-10-26.pdf
2026-02-04 14:01:03,370 - INFO - [129/140] Processing: ../voting_minutes_pdfs/voting_minutes_2025-03-06.pdf
2026-02-04 14:01:03,385 - INFO - [130/140] Processing: ../voting_minutes_pdfs/voting_minutes_2024-10-31.pdf
2026-02-04 14:01:03,408 - WARNING - Skipping chunk 18 in voting_minutes_2024-10-31.pdf: missing license numbers
2026-02-04 14:01:03,413 - INFO - [131/140] Processing: ../voting_minutes_pdfs/voting_minutes_2025-01-16.pdf
2026-02-04 14:01:03,430 - INFO - [132/140] Processing: ../voting_minutes_pdfs/voting_minutes_2020-06-04.pdf
2026-02-04 14:01:03,436 - INFO - [133/140] Processing: ../voting_minutes_pdfs/voting_minutes_2023-01-05.pdf
2026-02-04 14:01:03,453 - INFO - [134/140] Processing: ../voting_minutes_pdfs/voting_minutes_2023-11-02.pdf
2026-02-04 14:01:03,468 - INFO - [135/140] Processing: ../voting_minutes_pdfs/voting_minutes_2023-11-16.pdf
2026-02-04 14:01:03,488 - WARNING - Skipping chunk 12 in voting_minutes_2023-11-16.pdf: missing license numbers
2026-02-04 14:01:03,491 - INFO - [136/140] Processing: ../voting_minutes_pdfs/voting_minutes_2026-01-08.pdf
2026-02-04 14:01:03,523 - INFO - [137/140] Processing: ../voting_minutes_pdfs/voting_minutes_2024-09-12.pdf
2026-02-04 14:01:03,542 - INFO - [138/140] Processing: ../voting_minutes_pdfs/voting_minutes_2022-09-29.pdf
2026-02-04 14:01:03,560 - INFO - [139/140] Processing: ../voting_minutes_pdfs/voting_minutes_2021-10-28.pdf
2026-02-04 14:01:03,574 - INFO - [140/140] Processing: ../voting_minutes_pdfs/voting_minutes_2022-09-15.pdf
2026-02-04 14:01:03,603 - INFO - Successfully wrote 2388 licenses to ../licenses.json
2026-02-04 14:01:03,737 - INFO - Stats report generated at: /Users/dan/Code/Vibe_Coding/Code_For_Boston/Licensing-Board-Minutes/transform/report.html
2026-02-04 14:01:03,939 - INFO - Successfully exported data to ../licenses.xlsx
2026-02-04 14:05:12,088 - INFO - Found 140 PDF files in ../voting_minutes_pdfs
2026-02-04 14:05:12,088 - INFO - [1/140] Processing: ../voting_minutes_pdfs/voting_minutes_2021-07-01.pdf
2026-02-04 14:05:12,105 - INFO - [2/140] Processing: ../voting_minutes_pdfs/voting_minutes_2021-07-29.pdf
2026-02-04 14:05:12,128 - INFO - [3/140] Processing: ../voting_minutes_pdfs/voting_minutes_2024-05-23.pdf
2026-02-04 14:05:12,149 - INFO - [4/140] Processing: ../voting_minutes_pdfs/voting_minutes_2021-02-25.pdf
2026-02-04 14:05:12,163 - INFO - [5/140] Processing: ../voting_minutes_pdfs/voting_minutes_2025-06-05.pdf
2026-02-04 14:05:12,181 - INFO - [6/140] Processing: ../voting_minutes_pdfs/voting_minutes_2025-08-28.pdf
2026-02-04 14:05:12,219 - WARNING - Skipping chunk 37 in voting_minutes_2025-08-28.pdf: missing license numbers
2026-02-04 14:05:12,224 - INFO - [7/140] Processing: ../voting_minutes_pdfs/voting_minutes_2024-10-17.pdf
2026-02-04 14:05:12,253 - INFO - [8/140] Processing: ../voting_minutes_pdfs/voting_minutes_2023-04-06.pdf
2026-02-04 14:05:12,267 - INFO - [9/140] Processing: ../voting_minutes_pdfs/voting_minutes_2022-12-15.pdf
2026-02-04 14:05:12,295 - INFO - [10/140] Processing: ../voting_minutes_pdfs/voting_minutes_2024-12-12.pdf
2026-02-04 14:05:12,320 - WARNING - Skipping chunk 24 in voting_minutes_2024-12-12.pdf: missing license numbers
2026-02-04 14:05:12,325 - INFO - [11/140] Processing: ../voting_minutes_pdfs/voting_minutes_2023-06-29.pdf
2026-02-04 14:05:12,345 - INFO - [12/140] Processing: ../voting_minutes_pdfs/voting_minutes_2020-11-05.pdf
2026-02-04 14:05:12,351 - INFO - [13/140] Processing: ../voting_minutes_pdfs/voting_minutes_2022-10-06.pdf
2026-02-04 14:05:12,360 - WARNING - No hearings extracted from ../voting_minutes_pdfs/voting_minutes_2022-10-06.pdf
2026-02-04 14:05:12,360 - WARNING - Pipeline stopped after TextJsonExtractorStep: License text data not provided in KVStore
2026-02-04 14:05:12,360 - ERROR - Pipeline failed for ../voting_minutes_pdfs/voting_minutes_2022-10-06.pdf: License text data not provided in KVStore
2026-02-04 14:05:12,360 - INFO - [14/140] Processing: ../voting_minutes_pdfs/voting_minutes_2024-02-01.pdf
2026-02-04 14:05:12,381 - INFO - [15/140] Processing: ../voting_minutes_pdfs/voting_minutes_2025-04-17.pdf
2026-02-04 14:05:12,403 - INFO - [16/140] Processing: ../voting_minutes_pdfs/voting_minutes_2024-02-29.pdf
2026-02-04 14:05:12,427 - INFO - [17/140] Processing: ../voting_minutes_pdfs/voting_minutes_2025-04-03.pdf
2026-02-04 14:05:12,445 - WARNING - Skipping chunk 11 in voting_minutes_2025-04-03.pdf: missing license numbers
2026-02-04 14:05:12,446 - INFO - [18/140] Processing: ../voting_minutes_pdfs/voting_minutes_2020-04-30.pdf
2026-02-04 14:05:12,451 - INFO - [19/140] Processing: ../voting_minutes_pdfs/voting_minutes_2023-03-30.pdf
2026-02-04 14:05:12,479 - INFO - [20/140] Processing: ../voting_minutes_pdfs/voting_minutes_2022-05-26.pdf
2026-02-04 14:05:12,501 - WARNING - Skipping chunk 20 in voting_minutes_2022-05-26.pdf: missing license numbers
2026-02-04 14:05:12,506 - INFO - [21/140] Processing: ../voting_minutes_pdfs/voting_minutes_2021-05-06.pdf
2026-02-04 14:05:12,516 - INFO - [22/140] Processing: ../voting_minutes_pdfs/voting_minutes_2023-01-25.pdf
2026-02-04 14:05:12,529 - INFO - [23/140] Processing: ../voting_minutes_pdfs/voting_minutes_2021-09-02.pdf
2026-02-04 14:05:12,541 - WARNING - Skipping chunk 15 in voting_minutes_2021-09-02.pdf: missing license numbers
2026-02-04 14:05:12,544 - INFO - [24/140] Processing: ../voting_minutes_pdfs/voting_minutes_2025-03-27.pdf
2026-02-04 14:05:12,573 - WARNING - Skipping chunk 9 in voting_minutes_2025-03-27.pdf: missing license numbers
2026-02-04 14:05:12,580 - INFO - [25/140] Processing: ../voting_minutes_pdfs/voting_minutes_2022-02-17.pdf
2026-02-04 14:05:12,590 - INFO - [26/140] Processing: ../voting_minutes_pdfs/voting_minutes_2022-02-03.pdf
2026-02-04 14:05:12,601 - INFO - [27/140] Processing: ../voting_minutes_pdfs/voting_minutes_2023-03-08.pdf
2026-02-04 14:05:12,620 - WARNING - Skipping chunk 12 in voting_minutes_2023-03-08.pdf: missing license numbers
2026-02-04 14:05:12,620 - WARNING - Skipping chunk 19 in voting_minutes_2023-03-08.pdf: missing license numbers
2026-02-04 14:05:12,624 - INFO - [28/140] Processing: ../voting_minutes_pdfs/voting_minutes_2025-08-07.pdf
2026-02-04 14:05:12,645 - WARNING - Skipping chunk 13 in voting_minutes_2025-08-07.pdf: missing license numbers
2026-02-04 14:05:12,648 - INFO - [29/140] Processing: ../voting_minutes_pdfs/voting_minutes_2025-01-23.pdf
2026-02-04 14:05:12,672 - INFO - [30/140] Processing: ../voting_minutes_pdfs/voting_minutes_2020-08-20.pdf
2026-02-04 14:05:12,679 - WARNING - Skipping chunk 12 in voting_minutes_2020-08-20.pdf: missing license numbers
2026-02-04 14:05:12,679 - WARNING - Skipping chunk 13 in voting_minutes_2020-08-20.pdf: missing license numbers
2026-02-04 14:05:12,679 - WARNING - Skipping chunk 14 in voting_minutes_2020-08-20.pdf: missing license numbers
2026-02-04 14:05:12,679 - WARNING - Skipping chunk 15 in voting_minutes_2020-08-20.pdf: missing license numbers
2026-02-04 14:05:12,680 - INFO - [31/140] Processing: ../voting_minutes_pdfs/voting_minutes_2025-01-09.pdf
2026-02-04 14:05:12,699 - INFO - [32/140] Processing: ../voting_minutes_pdfs/voting_minutes_2024-09-26.pdf
2026-02-04 14:05:12,721 - INFO - [33/140] Processing: ../voting_minutes_pdfs/voting_minutes_2026-01-29.pdf
2026-02-04 14:05:12,751 - INFO - [34/140] Processing: ../voting_minutes_pdfs/voting_minutes_2020-04-23.pdf
2026-02-04 14:05:12,760 - INFO - [35/140] Processing: ../voting_minutes_pdfs/voting_minutes_2023-08-17.pdf
2026-02-04 14:05:12,782 - WARNING - *********Could not parse date from first line: 'Board to schedule transactional hearing on d/b/a change and will seek further information on'
2026-02-04 14:05:12,787 - INFO - [36/140] Processing: ../voting_minutes_pdfs/voting_minutes_2023-12-14.pdf
2026-02-04 14:05:12,816 - INFO - [37/140] Processing: ../voting_minutes_pdfs/voting_minutes_2022-04-07.pdf
2026-02-04 14:05:12,846 - INFO - [38/140] Processing: ../voting_minutes_pdfs/voting_minutes_2024-11-21.pdf
2026-02-04 14:05:12,861 - INFO - [39/140] Processing: ../voting_minutes_pdfs/voting_minutes_2020-09-10.pdf
2026-02-04 14:05:12,873 - INFO - [40/140] Processing: ../voting_minutes_pdfs/voting_minutes_2023-10-04.pdf
2026-02-04 14:05:12,884 - INFO - [41/140] Processing: ../voting_minutes_pdfs/voting_minutes_2021-08-26.pdf
2026-02-04 14:05:12,911 - INFO - [42/140] Processing: ../voting_minutes_pdfs/voting_minutes_2023-07-20.pdf
2026-02-04 14:05:12,933 - INFO - [43/140] Processing: ../voting_minutes_pdfs/voting_minutes_2023-05-25.pdf
2026-02-04 14:05:12,953 - WARNING - Skipping chunk 23 in voting_minutes_2023-05-25.pdf: missing license numbers
2026-02-04 14:05:12,959 - INFO - [44/140] Processing: ../voting_minutes_pdfs/voting_minutes_2024-08-01.pdf
2026-02-04 14:05:12,976 - WARNING - Skipping chunk 5 in voting_minutes_2024-08-01.pdf: missing license numbers
2026-02-04 14:05:12,979 - INFO - [45/140] Processing: ../voting_minutes_pdfs/voting_minutes_2020-05-07.pdf
2026-02-04 14:05:12,983 - WARNING - No hearings extracted from ../voting_minutes_pdfs/voting_minutes_2020-05-07.pdf
2026-02-04 14:05:12,983 - WARNING - Pipeline stopped after TextJsonExtractorStep: License text data not provided in KVStore
2026-02-04 14:05:12,983 - ERROR - Pipeline failed for ../voting_minutes_pdfs/voting_minutes_2020-05-07.pdf: License text data not provided in KVStore
2026-02-04 14:05:12,983 - INFO - [46/140] Processing: ../voting_minutes_pdfs/voting_minutes_2024-06-06.pdf
2026-02-04 14:05:12,998 - INFO - [47/140] Processing: ../voting_minutes_pdfs/voting_minutes_2025-07-31.pdf
2026-02-04 14:05:13,023 - INFO - [48/140] Processing: ../voting_minutes_pdfs/voting_minutes_2020-12-23.pdf
2026-02-04 14:05:13,033 - WARNING - *********Could not parse date from first line: 'December 22nd transactional hearings'
2026-02-04 14:05:13,036 - INFO - [49/140] Processing: ../voting_minutes_pdfs/voting_minutes_2025-10-01.pdf
2026-02-04 14:05:13,058 - INFO - [50/140] Processing: ../voting_minutes_pdfs/voting_minutes_2022-08-04.pdf
2026-02-04 14:05:13,065 - WARNING - Skipping chunk 12 in voting_minutes_2022-08-04.pdf: missing license numbers
2026-02-04 14:05:13,067 - INFO - [51/140] Processing: ../voting_minutes_pdfs/voting_minutes_2022-01-20.pdf
2026-02-04 14:05:13,073 - WARNING - No hearings extracted from ../voting_minutes_pdfs/voting_minutes_2022-01-20.pdf
2026-02-04 14:05:13,073 - WARNING - Pipeline stopped after TextJsonExtractorStep: License text data not provided in KVStore
2026-02-04 14:05:13,073 - ERROR - Pipeline failed for ../voting_minutes_pdfs/voting_minutes_2022-01-20.pdf: License text data not provided in KVStore
2026-02-04 14:05:13,073 - INFO - [52/140] Processing: ../voting_minutes_pdfs/voting_minutes_2025-12-04.pdf
2026-02-04 14:05:13,092 - INFO - [53/140] Processing: ../voting_minutes_pdfs/voting_minutes_2020-07-16.pdf
2026-02-04 14:05:13,104 - INFO - [54/140] Processing: ../voting_minutes_pdfs/voting_minutes_2021-01-28.pdf
2026-02-04 14:05:13,114 - INFO - [55/140] Processing: ../voting_minutes_pdfs/voting_minutes_2021-11-04.pdf
2026-02-04 14:05:13,124 - INFO - [56/140] Processing: ../voting_minutes_pdfs/voting_minutes_2022-03-24.pdf
2026-02-04 14:05:13,143 - WARNING - Skipping chunk 4 in voting_minutes_2022-03-24.pdf: missing license numbers
2026-02-04 14:05:13,148 - INFO - [57/140] Processing: ../voting_minutes_pdfs/voting_minutes_2021-03-04.pdf
2026-02-04 14:05:13,155 - WARNING - *********Could not parse date from first line: 'Transactional Hearing Wednesday, March 3'
2026-02-04 14:05:13,157 - INFO - [58/140] Processing: ../voting_minutes_pdfs/voting_minutes_2021-08-09.pdf
2026-02-04 14:05:13,166 - INFO - [59/140] Processing: ../voting_minutes_pdfs/voting_minutes_2021-06-24.pdf
2026-02-04 14:05:13,175 - WARNING - Skipping chunk 14 in voting_minutes_2021-06-24.pdf: missing license numbers
2026-02-04 14:05:13,175 - WARNING - Skipping chunk 17 in voting_minutes_2021-06-24.pdf: missing license numbers
2026-02-04 14:05:13,178 - INFO - [60/140] Processing: ../voting_minutes_pdfs/voting_minutes_2020-09-17.pdf
2026-02-04 14:05:13,188 - INFO - [61/140] Processing: ../voting_minutes_pdfs/voting_minutes_2023-02-02.pdf
2026-02-04 14:05:13,202 - INFO - [62/140] Processing: ../voting_minutes_pdfs/voting_minutes_2022-04-28.pdf
2026-02-04 14:05:13,220 - INFO - [63/140] Processing: ../voting_minutes_pdfs/voting_minutes_2023-02-16.pdf
2026-02-04 14:05:13,236 - INFO - [64/140] Processing: ../voting_minutes_pdfs/voting_minutes_yyyy-11-20.pdf
2026-02-04 14:05:13,264 - INFO - [65/140] Processing: ../voting_minutes_pdfs/voting_minutes_2025-09-18.pdf
2026-02-04 14:05:13,299 - INFO - [66/140] Processing: ../voting_minutes_pdfs/voting_minutes_2021-04-08.pdf
2026-02-04 14:05:13,304 - WARNING - Skipping chunk 15 in voting_minutes_2021-04-08.pdf: missing license numbers
2026-02-04 14:05:13,304 - WARNING - Skipping chunk 16 in voting_minutes_2021-04-08.pdf: missing license numbers
2026-02-04 14:05:13,304 - WARNING - Skipping chunk 17 in voting_minutes_2021-04-08.pdf: missing license numbers
2026-02-04 14:05:13,306 - INFO - [67/140] Processing: ../voting_minutes_pdfs/voting_minutes_2021-04-20.pdf
2026-02-04 14:05:13,309 - WARNING - No Transactional Hearing section found in ../voting_minutes_pdfs/voting_minutes_2021-04-20.pdf
2026-02-04 14:05:13,309 - WARNING - No hearings extracted.
2026-02-04 14:05:13,309 - ERROR - Pipeline failed at step InvariantPluginStep: argument of type 'NoneType' is not iterable
2026-02-04 14:05:13,309 - ERROR - Pipeline failed for ../voting_minutes_pdfs/voting_minutes_2021-04-20.pdf: argument of type 'NoneType' is not iterable
2026-02-04 14:05:13,309 - INFO - [68/140] Processing: ../voting_minutes_pdfs/voting_minutes_2020-10-08.pdf
2026-02-04 14:05:13,314 - WARNING - No hearings extracted from ../voting_minutes_pdfs/voting_minutes_2020-10-08.pdf
2026-02-04 14:05:13,314 - WARNING - Pipeline stopped after TextJsonExtractorStep: License text data not provided in KVStore
2026-02-04 14:05:13,314 - ERROR - Pipeline failed for ../voting_minutes_pdfs/voting_minutes_2020-10-08.pdf: License text data not provided in KVStore
2026-02-04 14:05:13,314 - INFO - [69/140] Processing: ../voting_minutes_pdfs/voting_minutes_2025-02-13.pdf
2026-02-04 14:05:13,357 - WARNING - Skipping chunk 13 in voting_minutes_2025-02-13.pdf: missing license numbers
2026-02-04 14:05:13,360 - INFO - [70/140] Processing: ../voting_minutes_pdfs/voting_minutes_2024-04-04.pdf
2026-02-04 14:05:13,373 - INFO - [71/140] Processing: ../voting_minutes_pdfs/voting_minutes_2022-01-27.pdf
2026-02-04 14:05:13,389 - INFO - [72/140] Processing: ../voting_minutes_pdfs/voting_minutes_2020-05-28.pdf
2026-02-04 14:05:13,394 - INFO - [73/140] Processing: ../voting_minutes_pdfs/voting_minutes_2020-05-14.pdf
2026-02-04 14:05:13,399 - INFO - [74/140] Processing: ../voting_minutes_pdfs/voting_minutes_yyyy-11-06.pdf
2026-02-04 14:05:13,420 - INFO - [75/140] Processing: ../voting_minutes_pdfs/voting_minutes_2024-11-14.pdf
2026-02-04 14:05:13,437 - INFO - [76/140] Processing: ../voting_minutes_pdfs/voting_minutes_2025-10-23.pdf
2026-02-04 14:05:13,471 - INFO - [77/140] Processing: ../voting_minutes_pdfs/voting_minutes_2021-06-03.pdf
2026-02-04 14:05:13,478 - WARNING - Skipping chunk 16 in voting_minutes_2021-06-03.pdf: missing license numbers
2026-02-04 14:05:13,478 - WARNING - Skipping chunk 17 in voting_minutes_2021-06-03.pdf: missing license numbers
2026-02-04 14:05:13,478 - WARNING - Skipping chunk 18 in voting_minutes_2021-06-03.pdf: missing license numbers
2026-02-04 14:05:13,478 - WARNING - Skipping chunk 19 in voting_minutes_2021-06-03.pdf: missing license numbers
2026-02-04 14:05:13,478 - WARNING - Skipping chunk 20 in voting_minutes_2021-06-03.pdf: missing license numbers
2026-02-04 14:05:13,478 - WARNING - Skipping chunk 21 in voting_minutes_2021-06-03.pdf: missing license numbers
2026-02-04 14:05:13,478 - WARNING - Skipping chunk 22 in voting_minutes_2021-06-03.pdf: missing license numbers
2026-02-04 14:05:13,478 - WARNING - Skipping chunk 23 in voting_minutes_2021-06-03.pdf: missing license numbers
2026-02-04 14:05:13,478 - WARNING - Skipping chunk 24 in voting_minutes_2021-06-03.pdf: missing license numbers
2026-02-04 14:05:13,478 - WARNING - Skipping chunk 25 in voting_minutes_2021-06-03.pdf: missing license numbers
2026-02-04 14:05:13,478 - WARNING - Skipping chunk 26 in voting_minutes_2021-06-03.pdf: missing license numbers
2026-02-04 14:05:13,478 - WARNING - Skipping chunk 27 in voting_minutes_2021-06-03.pdf: missing license numbers
2026-02-04 14:05:13,478 - WARNING - Skipping chunk 28 in voting_minutes_2021-06-03.pdf: missing license numbers
2026-02-04 14:05:13,478 - WARNING - Skipping chunk 29 in voting_minutes_2021-06-03.pdf: missing license numbers
2026-02-04 14:05:13,480 - INFO - [78/140] Processing: ../voting_minutes_pdfs/voting_minutes_2024-03-28.pdf
2026-02-04 14:05:13,502 - INFO - [79/140] Processing: ../voting_minutes_pdfs/voting_minutes_2023-05-04.pdf
2026-02-04 14:05:13,514 - INFO - [80/140] Processing: ../voting_minutes_pdfs/voting_minutes_2024-01-04.pdf
2026-02-04 14:05:13,531 - WARNING - Skipping chunk 15 in voting_minutes_2024-01-04.pdf: missing license numbers
2026-02-04 14:05:13,531 - WARNING - Skipping chunk 17 in voting_minutes_2024-01-04.pdf: missing license numbers
2026-02-04 14:05:13,531 - WARNING - Skipping chunk 23 in voting_minutes_2024-01-04.pdf: missing license numbers
2026-02-04 14:05:13,534 - INFO - [81/140] Processing: ../voting_minutes_pdfs/voting_minutes_2024-08-08.pdf
2026-02-04 14:05:13,547 - INFO - [82/140] Processing: ../voting_minutes_pdfs/voting_minutes_2024-08-22.pdf
2026-02-04 14:05:13,559 - INFO - [83/140] Processing: ../voting_minutes_pdfs/voting_minutes_2022-06-08.pdf
2026-02-04 14:05:13,575 - INFO - [84/140] Processing: ../voting_minutes_pdfs/voting_minutes_2022-08-25.pdf
2026-02-04 14:05:13,604 - INFO - [85/140] Processing: ../voting_minutes_pdfs/voting_minutes_2021-11-18.pdf
2026-02-04 14:05:13,617 - INFO - [86/140] Processing: ../voting_minutes_pdfs/voting_minutes_yyyy-mm-dd.pdf
2026-02-04 14:05:13,622 - WARNING - Skipping chunk 15 in voting_minutes_yyyy-mm-dd.pdf: missing license numbers
2026-02-04 14:05:13,622 - WARNING - Skipping chunk 16 in voting_minutes_yyyy-mm-dd.pdf: missing license numbers
2026-02-04 14:05:13,622 - WARNING - Skipping chunk 17 in voting_minutes_yyyy-mm-dd.pdf: missing license numbers
2026-02-04 14:05:13,624 - INFO - [87/140] Processing: ../voting_minutes_pdfs/voting_minutes_2021-01-21.pdf
2026-02-04 14:05:13,627 - WARNING - No Transactional Hearing section found in ../voting_minutes_pdfs/voting_minutes_2021-01-21.pdf
2026-02-04 14:05:13,627 - WARNING - No hearings extracted.
2026-02-04 14:05:13,627 - ERROR - Pipeline failed at step InvariantPluginStep: argument of type 'NoneType' is not iterable
2026-02-04 14:05:13,627 - ERROR - Pipeline failed for ../voting_minutes_pdfs/voting_minutes_2021-01-21.pdf: argument of type 'NoneType' is not iterable
2026-02-04 14:05:13,627 - INFO - [88/140] Processing: ../voting_minutes_pdfs/voting_minutes_2025-05-01.pdf
2026-02-04 14:05:13,662 - INFO - [89/140] Processing: ../voting_minutes_pdfs/voting_minutes_2025-05-15.pdf
2026-02-04 14:05:13,687 - WARNING - Skipping chunk 18 in voting_minutes_2025-05-15.pdf: missing license numbers
2026-02-04 14:05:13,691 - INFO - [90/140] Processing: ../voting_minutes_pdfs/voting_minutes_2025-05-29.pdf
2026-02-04 14:05:13,715 - WARNING - Skipping chunk 16 in voting_minutes_2025-05-29.pdf: missing license numbers
2026-02-04 14:05:13,718 - INFO - [91/140] Processing: ../voting_minutes_pdfs/voting_minutes_2023-10-26.pdf
2026-02-04 14:05:13,739 - INFO - [92/140] Processing: ../voting_minutes_pdfs/voting_minutes_2025-12-18.pdf
2026-02-04 14:05:13,753 - WARNING - No hearings extracted from ../voting_minutes_pdfs/voting_minutes_2025-12-18.pdf
2026-02-04 14:05:13,753 - WARNING - Pipeline stopped after TextJsonExtractorStep: License text data not provided in KVStore
2026-02-04 14:05:13,753 - ERROR - Pipeline failed for ../voting_minutes_pdfs/voting_minutes_2025-12-18.pdf: License text data not provided in KVStore
2026-02-04 14:05:13,753 - INFO - [93/140] Processing: ../voting_minutes_pdfs/voting_minutes_2020-12-03.pdf
2026-02-04 14:05:13,767 - INFO - [94/140] Processing: ../voting_minutes_pdfs/voting_minutes_2024-06-26.pdf
2026-02-04 14:05:13,786 - INFO - [95/140] Processing: ../voting_minutes_pdfs/voting_minutes_2024-03-07.pdf
2026-02-04 14:05:13,795 - INFO - [96/140] Processing: ../voting_minutes_pdfs/voting_minutes_2022-06-30.pdf
2026-02-04 14:05:13,815 - INFO - [97/140] Processing: ../voting_minutes_pdfs/voting_minutes_2021-04-29.pdf
2026-02-04 14:05:13,828 - INFO - [98/140] Processing: ../voting_minutes_pdfs/voting_minutes_2021-04-01.pdf
2026-02-04 14:05:13,841 - WARNING - *********Could not parse date from first line: 'Transactional Hearing'
2026-02-04 14:05:13,846 - INFO - [99/140] Processing: ../voting_minutes_pdfs/voting_minutes_2023-09-28.pdf
2026-02-04 14:05:13,862 - INFO - [100/140] Processing: ../voting_minutes_pdfs/voting_minutes_2020-10-29.pdf
2026-02-04 14:05:13,879 - INFO - [101/140] Processing: ../voting_minutes_pdfs/voting_minutes_2020-10-01.pdf
2026-02-04 14:05:13,891 - INFO - [102/140] Processing: ../voting_minutes_pdfs/voting_minutes_2023-09-14.pdf
2026-02-04 14:05:13,911 - WARNING - Skipping chunk 25 in voting_minutes_2023-09-14.pdf: missing license numbers
2026-02-04 14:05:13,915 - INFO - [103/140] Processing: ../voting_minutes_pdfs/voting_minutes_2024-04-25.pdf
2026-02-04 14:05:13,933 - INFO - [104/140] Processing: ../voting_minutes_pdfs/voting_minutes_2025-02-27.pdf
2026-02-04 14:05:13,959 - INFO - [105/140] Processing: ../voting_minutes_pdfs/voting_minutes_2022-11-17.pdf
2026-02-04 14:05:13,973 - INFO - [106/140] Processing: ../voting_minutes_pdfs/voting_minutes_2022-11-03.pdf
2026-02-04 14:05:13,985 - INFO - [107/140] Processing: ../voting_minutes_pdfs/voting_minutes_2020-07-30.pdf
2026-02-04 14:05:13,991 - WARNING - Skipping chunk 9 in voting_minutes_2020-07-30.pdf: missing license numbers
2026-02-04 14:05:13,991 - WARNING - Skipping chunk 10 in voting_minutes_2020-07-30.pdf: missing license numbers
2026-02-04 14:05:13,991 - WARNING - Skipping chunk 11 in voting_minutes_2020-07-30.pdf: missing license numbers
2026-02-04 14:05:13,992 - INFO - [108/140] Processing: ../voting_minutes_pdfs/voting_minutes_2022-01-06.pdf
2026-02-04 14:05:14,008 - INFO - [109/140] Processing: ../voting_minutes_pdfs/voting_minutes_2022-03-03.pdf
2026-02-04 14:05:14,023 - INFO - [110/140] Processing: ../voting_minutes_pdfs/voting_minutes_2025-07-17.pdf
2026-02-04 14:05:14,050 - INFO - [111/140] Processing: ../voting_minutes_pdfs/voting_minutes_2020-05-21.pdf
2026-02-04 14:05:14,055 - INFO - [112/140] Processing: ../voting_minutes_pdfs/voting_minutes_2022-07-14.pdf
2026-02-04 14:05:14,068 - INFO - [113/140] Processing: ../voting_minutes_pdfs/voting_minutes_2022-07-28.pdf
2026-02-04 14:05:14,081 - WARNING - Skipping chunk 22 in voting_minutes_2022-07-28.pdf: missing license numbers
2026-02-04 14:05:14,084 - INFO - [114/140] Processing: ../voting_minutes_pdfs/voting_minutes_2021-02-04.pdf
2026-02-04 14:05:14,093 - INFO - [115/140] Processing: ../voting_minutes_pdfs/voting_minutes_2022-05-05.pdf
2026-02-04 14:05:14,106 - INFO - [116/140] Processing: ../voting_minutes_pdfs/voting_minutes_2023-04-27.pdf
2026-02-04 14:05:14,121 - INFO - [117/140] Processing: ../voting_minutes_pdfs/voting_minutes_2020-08-13.pdf
2026-02-04 14:05:14,124 - WARNING - Skipping chunk 1 in voting_minutes_2020-08-13.pdf: missing license numbers
2026-02-04 14:05:14,124 - WARNING - No hearings extracted from ../voting_minutes_pdfs/voting_minutes_2020-08-13.pdf
2026-02-04 14:05:14,125 - WARNING - Pipeline stopped after TextJsonExtractorStep: License text data not provided in KVStore
2026-02-04 14:05:14,125 - ERROR - Pipeline failed for ../voting_minutes_pdfs/voting_minutes_2020-08-13.pdf: License text data not provided in KVStore
2026-02-04 14:05:14,125 - INFO - [118/140] Processing: ../voting_minutes_pdfs/voting_minutes_2021-09-30.pdf
2026-02-04 14:05:14,147 - WARNING - *********Could not parse date from first line: 'Transactional Hearing'
2026-02-04 14:05:14,151 - INFO - [119/140] Processing: ../voting_minutes_pdfs/voting_minutes_2023-06-08.pdf
2026-02-04 14:05:14,167 - INFO - [120/140] Processing: ../voting_minutes_pdfs/voting_minutes_2021-10-07.pdf
2026-02-04 14:05:14,179 - WARNING - Skipping chunk 14 in voting_minutes_2021-10-07.pdf: missing license numbers
2026-02-04 14:05:14,181 - INFO - [121/140] Processing: ../voting_minutes_pdfs/voting_minutes_2024-05-01.pdf
2026-02-04 14:05:14,198 - INFO - [122/140] Processing: ../voting_minutes_pdfs/voting_minutes_2024-02-08.pdf
2026-02-04 14:05:14,213 - WARNING - Skipping chunk 7 in voting_minutes_2024-02-08.pdf: missing license numbers
2026-02-04 14:05:14,214 - INFO - [123/140] Processing: ../voting_minutes_pdfs/voting_minutes_2021-12-16.pdf
2026-02-04 14:05:14,231 - INFO - [124/140] Processing: ../voting_minutes_pdfs/voting_minutes_2021-12-02.pdf
2026-02-04 14:05:14,247 - INFO - [125/140] Processing: ../voting_minutes_pdfs/voting_minutes_2024-07-11.pdf
2026-02-04 14:05:14,263 - INFO - [126/140] Processing: ../voting_minutes_pdfs/voting_minutes_2025-06-26.pdf
2026-02-04 14:05:14,300 - WARNING - Skipping chunk 17 in voting_minutes_2025-06-26.pdf: missing license numbers
2026-02-04 14:05:14,303 - INFO - [127/140] Processing: ../voting_minutes_pdfs/voting_minutes_2021-05-27.pdf
2026-02-04 14:05:14,320 - INFO - [128/140] Processing: ../voting_minutes_pdfs/voting_minutes_2022-10-26.pdf
2026-02-04 14:05:14,340 - INFO - [129/140] Processing: ../voting_minutes_pdfs/voting_minutes_2025-03-06.pdf
2026-02-04 14:05:14,355 - INFO - [130/140] Processing: ../voting_minutes_pdfs/voting_minutes_2024-10-31.pdf
2026-02-04 14:05:14,378 - WARNING - Skipping chunk 18 in voting_minutes_2024-10-31.pdf: missing license numbers
2026-02-04 14:05:14,382 - INFO - [131/140] Processing: ../voting_minutes_pdfs/voting_minutes_2025-01-16.pdf
2026-02-04 14:05:14,399 - INFO - [132/140] Processing: ../voting_minutes_pdfs/voting_minutes_2020-06-04.pdf
2026-02-04 14:05:14,406 - INFO - [133/140] Processing: ../voting_minutes_pdfs/voting_minutes_2023-01-05.pdf
2026-02-04 14:05:14,423 - INFO - [134/140] Processing: ../voting_minutes_pdfs/voting_minutes_2023-11-02.pdf
2026-02-04 14:05:14,438 - INFO - [135/140] Processing: ../voting_minutes_pdfs/voting_minutes_2023-11-16.pdf
2026-02-04 14:05:14,458 - WARNING - Skipping chunk 12 in voting_minutes_2023-11-16.pdf: missing license numbers
2026-02-04 14:05:14,461 - INFO - [136/140] Processing: ../voting_minutes_pdfs/voting_minutes_2026-01-08.pdf
2026-02-04 14:05:14,493 - INFO - [137/140] Processing: ../voting_minutes_pdfs/voting_minutes_2024-09-12.pdf
2026-02-04 14:05:14,511 - INFO - [138/140] Processing: ../voting_minutes_pdfs/voting_minutes_2022-09-29.pdf
2026-02-04 14:05:14,530 - INFO - [139/140] Processing: ../voting_minutes_pdfs/voting_minutes_2021-10-28.pdf
2026-02-04 14:05:14,544 - INFO - [140/140] Processing: ../voting_minutes_pdfs/voting_minutes_2022-09-15.pdf
2026-02-04 14:05:14,572 - INFO - Successfully wrote 2388 licenses to ../licenses.json
2026-02-04 14:05:14,705 - INFO - Stats report generated at: /Users/dan/Code/Vibe_Coding/Code_For_Boston/Licensing-Board-Minutes/transform/report.html
2026-02-04 14:05:14,918 - INFO - Successfully exported data to ../licenses.xlsx
