2026-02-04 14:33:25,111 - INFO - Starting Licensing Board Scraper Application (CLI Mode)
2026-02-04 14:33:25,112 - INFO - Text extraction skipped (no --txt-dir provided).
2026-02-04 14:33:57,313 - INFO - Link Statistics Summary:
2026-02-04 14:33:57,313 - INFO -   total_links: 605
2026-02-04 14:33:57,313 - INFO -   client_side_links: 15
2026-02-04 14:33:57,313 - INFO -   video_links: 404
2026-02-04 14:33:57,314 - INFO -   excluded_links: 45
2026-02-04 14:33:57,314 - INFO -   minutes_links: 141
2026-02-04 14:33:57,314 - INFO - Application finished successfully.
2026-02-04 14:33:57,314 - INFO - Total runtime: 0 minutes 32.20 seconds
2026-02-04 14:50:55,714 - INFO - root - Starting Licensing Board Scraper Application (CLI Mode)
2026-02-04 14:50:55,715 - INFO - root - Text extraction skipped (no --txt-dir provided).
2026-02-04 14:50:55,715 - INFO - app.pipeline.link_fetcher - Fetching https://www.boston.gov/departments/licensing-board/licensing-board-information-and-members...
2026-02-04 14:50:57,646 - INFO - app.pipeline.link_fetcher - Found 605 raw links.
2026-02-04 14:50:57,647 - INFO - app.link_filters.video_link_filter - Saving 404 video links to /Users/dan/Code/Vibe_Coding/Code_For_Boston/Licensing-Board-Minutes/scrape/scraper_state/hearing_video_links.json...
2026-02-04 14:50:57,648 - INFO - app.storage.json_store - Saved data to /Users/dan/Code/Vibe_Coding/Code_For_Boston/Licensing-Board-Minutes/scrape/scraper_state/hearing_video_links.json
2026-02-04 14:50:57,648 - INFO - app.pipeline.link_filter - Filtering complete. 141 links remaining.
2026-02-04 14:50:57,648 - INFO - app.pipeline.date_extractor - Extracting dates from 141 links...
2026-02-04 14:50:57,649 - INFO - app.pipeline.pdf_downloader - Starting download process...
2026-02-04 14:50:57,851 - INFO - app.storage.pdf_store - No change - voting_minutes_2026-01-08.pdf is up to date
2026-02-04 14:50:58,205 - INFO - app.storage.pdf_store - No change - voting_minutes_2026-01-29.pdf is up to date
2026-02-04 14:50:58,392 - INFO - app.storage.pdf_store - No change - voting_minutes_2025-01-09.pdf is up to date
2026-02-04 14:50:58,586 - INFO - app.storage.pdf_store - No change - voting_minutes_2025-01-16.pdf is up to date
2026-02-04 14:50:58,786 - INFO - app.storage.pdf_store - No change - voting_minutes_2025-01-23.pdf is up to date
2026-02-04 14:50:58,984 - INFO - app.storage.pdf_store - No change - voting_minutes_2025-02-13.pdf is up to date
2026-02-04 14:50:59,192 - INFO - app.storage.pdf_store - No change - voting_minutes_2025-02-27.pdf is up to date
2026-02-04 14:50:59,369 - INFO - app.storage.pdf_store - No change - voting_minutes_2025-03-06.pdf is up to date
2026-02-04 14:50:59,570 - INFO - app.storage.pdf_store - No change - voting_minutes_2025-03-27.pdf is up to date
2026-02-04 14:50:59,750 - INFO - app.storage.pdf_store - No change - voting_minutes_2025-04-03.pdf is up to date
2026-02-04 14:50:59,935 - INFO - app.storage.pdf_store - No change - voting_minutes_2025-04-17.pdf is up to date
2026-02-04 14:51:00,130 - INFO - app.storage.pdf_store - No change - voting_minutes_2025-05-01.pdf is up to date
2026-02-04 14:51:00,332 - INFO - app.storage.pdf_store - No change - voting_minutes_2025-05-15.pdf is up to date
2026-02-04 14:51:00,538 - INFO - app.storage.pdf_store - No change - voting_minutes_2025-05-29.pdf is up to date
2026-02-04 14:51:00,838 - INFO - app.storage.pdf_store - No change - voting_minutes_2025-06-05.pdf is up to date
2026-02-04 14:51:01,029 - INFO - app.storage.pdf_store - No change - voting_minutes_2025-06-26.pdf is up to date
2026-02-04 14:51:01,239 - INFO - app.storage.pdf_store - No change - voting_minutes_2025-07-17.pdf is up to date
2026-02-04 14:51:01,430 - INFO - app.storage.pdf_store - No change - voting_minutes_2025-07-31.pdf is up to date
2026-02-04 14:51:01,630 - INFO - app.storage.pdf_store - No change - voting_minutes_2025-08-07.pdf is up to date
2026-02-04 14:51:01,871 - INFO - app.storage.pdf_store - No change - voting_minutes_2025-08-28.pdf is up to date
2026-02-04 14:51:02,077 - INFO - app.storage.pdf_store - No change - voting_minutes_2025-09-18.pdf is up to date
2026-02-04 14:51:02,289 - INFO - app.storage.pdf_store - No change - voting_minutes_2025-10-23.pdf is up to date
2026-02-04 14:51:04,187 - INFO - app.storage.pdf_store - No change - voting_minutes_yyyy-11-06.pdf is up to date
2026-02-04 14:51:05,806 - INFO - app.storage.pdf_store - No change - voting_minutes_yyyy-11-20.pdf is up to date
2026-02-04 14:51:06,031 - INFO - app.storage.pdf_store - No change - voting_minutes_2025-12-04.pdf is up to date
2026-02-04 14:51:06,228 - INFO - app.storage.pdf_store - No change - voting_minutes_2025-12-18.pdf is up to date
2026-02-04 14:51:06,401 - INFO - app.storage.pdf_store - No change - voting_minutes_2024-01-04.pdf is up to date
2026-02-04 14:51:06,600 - INFO - app.storage.pdf_store - No change - voting_minutes_2024-02-01.pdf is up to date
2026-02-04 14:51:06,767 - INFO - app.storage.pdf_store - No change - voting_minutes_2024-02-08.pdf is up to date
2026-02-04 14:51:06,964 - INFO - app.storage.pdf_store - No change - voting_minutes_2024-02-29.pdf is up to date
2026-02-04 14:51:07,142 - INFO - app.storage.pdf_store - No change - voting_minutes_2024-03-07.pdf is up to date
2026-02-04 14:51:07,355 - INFO - app.storage.pdf_store - No change - voting_minutes_2024-03-28.pdf is up to date
2026-02-04 14:51:07,526 - INFO - app.storage.pdf_store - No change - voting_minutes_2024-04-04.pdf is up to date
2026-02-04 14:51:07,694 - INFO - app.storage.pdf_store - No change - voting_minutes_2024-04-25.pdf is up to date
2026-02-04 14:51:07,872 - INFO - app.storage.pdf_store - No change - voting_minutes_2024-05-01.pdf is up to date
2026-02-04 14:51:08,055 - INFO - app.storage.pdf_store - No change - voting_minutes_2024-05-23.pdf is up to date
2026-02-04 14:51:08,231 - INFO - app.storage.pdf_store - No change - voting_minutes_2024-06-06.pdf is up to date
2026-02-04 14:51:08,396 - INFO - app.storage.pdf_store - No change - voting_minutes_2024-06-26.pdf is up to date
2026-02-04 14:51:08,626 - INFO - app.storage.pdf_store - No change - voting_minutes_2024-07-11.pdf is up to date
2026-02-04 14:51:08,852 - INFO - app.storage.pdf_store - No change - voting_minutes_2024-08-01.pdf is up to date
2026-02-04 14:51:09,037 - INFO - app.storage.pdf_store - No change - voting_minutes_2024-08-08.pdf is up to date
2026-02-04 14:51:09,194 - INFO - app.storage.pdf_store - No change - voting_minutes_2024-08-22.pdf is up to date
2026-02-04 14:51:09,351 - INFO - app.storage.pdf_store - No change - voting_minutes_2024-09-12.pdf is up to date
2026-02-04 14:51:09,527 - INFO - app.storage.pdf_store - No change - voting_minutes_2024-09-26.pdf is up to date
2026-02-04 14:51:09,732 - INFO - app.storage.pdf_store - No change - voting_minutes_2024-10-17.pdf is up to date
2026-02-04 14:51:09,930 - INFO - app.storage.pdf_store - No change - voting_minutes_2024-10-31.pdf is up to date
2026-02-04 14:51:10,124 - INFO - app.storage.pdf_store - No change - voting_minutes_2024-11-14.pdf is up to date
2026-02-04 14:51:10,306 - INFO - app.storage.pdf_store - No change - voting_minutes_2024-11-21.pdf is up to date
2026-02-04 14:51:10,471 - INFO - app.storage.pdf_store - No change - voting_minutes_2024-12-12.pdf is up to date
2026-02-04 14:51:10,663 - INFO - app.storage.pdf_store - No change - voting_minutes_2023-01-05.pdf is up to date
2026-02-04 14:51:10,832 - INFO - app.storage.pdf_store - No change - voting_minutes_2023-01-25.pdf is up to date
2026-02-04 14:51:10,985 - INFO - app.storage.pdf_store - No change - voting_minutes_2023-02-02.pdf is up to date
2026-02-04 14:51:11,152 - INFO - app.storage.pdf_store - No change - voting_minutes_2023-02-16.pdf is up to date
2026-02-04 14:51:11,331 - INFO - app.storage.pdf_store - No change - voting_minutes_2023-03-08.pdf is up to date
2026-02-04 14:51:11,533 - INFO - app.storage.pdf_store - No change - voting_minutes_2023-03-30.pdf is up to date
2026-02-04 14:51:11,724 - INFO - app.storage.pdf_store - No change - voting_minutes_2023-04-06.pdf is up to date
2026-02-04 14:51:11,896 - INFO - app.storage.pdf_store - No change - voting_minutes_2023-04-27.pdf is up to date
2026-02-04 14:51:12,068 - INFO - app.storage.pdf_store - No change - voting_minutes_2023-05-04.pdf is up to date
2026-02-04 14:51:12,256 - INFO - app.storage.pdf_store - No change - voting_minutes_2023-05-25.pdf is up to date
2026-02-04 14:51:12,434 - INFO - app.storage.pdf_store - No change - voting_minutes_2023-06-08.pdf is up to date
2026-02-04 14:51:12,604 - INFO - app.storage.pdf_store - No change - voting_minutes_2023-06-29.pdf is up to date
2026-02-04 14:51:12,791 - INFO - app.storage.pdf_store - No change - voting_minutes_2023-07-20.pdf is up to date
2026-02-04 14:51:12,997 - INFO - app.storage.pdf_store - No change - voting_minutes_2023-08-17.pdf is up to date
2026-02-04 14:51:13,170 - INFO - app.storage.pdf_store - No change - voting_minutes_2023-09-14.pdf is up to date
2026-02-04 14:51:13,332 - INFO - app.storage.pdf_store - No change - voting_minutes_2023-09-28.pdf is up to date
2026-02-04 14:51:13,491 - INFO - app.storage.pdf_store - No change - voting_minutes_2023-10-04.pdf is up to date
2026-02-04 14:51:13,653 - INFO - app.storage.pdf_store - No change - voting_minutes_2023-10-26.pdf is up to date
2026-02-04 14:51:13,806 - INFO - app.storage.pdf_store - No change - voting_minutes_2023-11-02.pdf is up to date
2026-02-04 14:51:13,984 - INFO - app.storage.pdf_store - No change - voting_minutes_2023-11-16.pdf is up to date
2026-02-04 14:51:14,168 - INFO - app.storage.pdf_store - No change - voting_minutes_2023-12-14.pdf is up to date
2026-02-04 14:51:14,336 - INFO - app.storage.pdf_store - No change - voting_minutes_2022-01-06.pdf is up to date
2026-02-04 14:51:14,500 - INFO - app.storage.pdf_store - No change - voting_minutes_2022-01-20.pdf is up to date
2026-02-04 14:51:14,652 - INFO - app.storage.pdf_store - No change - voting_minutes_2022-01-27.pdf is up to date
2026-02-04 14:51:14,816 - INFO - app.storage.pdf_store - No change - voting_minutes_2022-02-03.pdf is up to date
2026-02-04 14:51:14,958 - INFO - app.storage.pdf_store - No change - voting_minutes_2022-02-17.pdf is up to date
2026-02-04 14:51:15,105 - INFO - app.storage.pdf_store - No change - voting_minutes_2022-03-03.pdf is up to date
2026-02-04 14:51:15,279 - INFO - app.storage.pdf_store - No change - voting_minutes_2022-03-24.pdf is up to date
2026-02-04 14:51:15,454 - INFO - app.storage.pdf_store - No change - voting_minutes_2022-04-07.pdf is up to date
2026-02-04 14:51:15,668 - INFO - app.storage.pdf_store - No change - voting_minutes_2022-04-28.pdf is up to date
2026-02-04 14:51:15,832 - INFO - app.storage.pdf_store - No change - voting_minutes_2022-05-05.pdf is up to date
2026-02-04 14:51:15,995 - INFO - app.storage.pdf_store - No change - voting_minutes_2022-05-26.pdf is up to date
2026-02-04 14:51:16,158 - INFO - app.storage.pdf_store - No change - voting_minutes_2022-06-08.pdf is up to date
2026-02-04 14:51:16,320 - INFO - app.storage.pdf_store - No change - voting_minutes_2022-06-30.pdf is up to date
2026-02-04 14:51:16,527 - INFO - app.storage.pdf_store - No change - voting_minutes_2022-07-14.pdf is up to date
2026-02-04 14:51:16,700 - INFO - app.storage.pdf_store - No change - voting_minutes_2022-07-28.pdf is up to date
2026-02-04 14:51:16,883 - INFO - app.storage.pdf_store - No change - voting_minutes_2022-08-04.pdf is up to date
2026-02-04 14:51:17,059 - INFO - app.storage.pdf_store - No change - voting_minutes_2022-08-25.pdf is up to date
2026-02-04 14:51:17,236 - INFO - app.storage.pdf_store - No change - voting_minutes_2022-09-15.pdf is up to date
2026-02-04 14:51:17,412 - INFO - app.storage.pdf_store - No change - voting_minutes_2022-09-29.pdf is up to date
2026-02-04 14:51:17,577 - INFO - app.storage.pdf_store - No change - voting_minutes_2022-10-06.pdf is up to date
2026-02-04 14:51:17,746 - INFO - app.storage.pdf_store - No change - voting_minutes_2022-10-26.pdf is up to date
2026-02-04 14:51:17,931 - INFO - app.storage.pdf_store - No change - voting_minutes_2022-11-03.pdf is up to date
2026-02-04 14:51:18,102 - INFO - app.storage.pdf_store - No change - voting_minutes_2022-11-17.pdf is up to date
2026-02-04 14:51:18,282 - INFO - app.storage.pdf_store - No change - voting_minutes_2022-12-15.pdf is up to date
2026-02-04 14:51:18,421 - INFO - app.storage.pdf_store - No change - voting_minutes_2021-01-21.pdf is up to date
2026-02-04 14:51:18,615 - INFO - app.storage.pdf_store - No change - voting_minutes_2021-01-28.pdf is up to date
2026-02-04 14:51:18,777 - INFO - app.storage.pdf_store - No change - voting_minutes_2021-02-04.pdf is up to date
2026-02-04 14:51:18,947 - INFO - app.storage.pdf_store - No change - voting_minutes_2021-02-25.pdf is up to date
2026-02-04 14:51:19,104 - INFO - app.storage.pdf_store - No change - voting_minutes_2021-03-04.pdf is up to date
2026-02-04 14:51:19,285 - INFO - app.storage.pdf_store - No change - voting_minutes_2021-04-01.pdf is up to date
2026-02-04 14:51:19,449 - INFO - app.storage.pdf_store - No change - voting_minutes_yyyy-mm-dd.pdf is up to date
2026-02-04 14:51:19,612 - INFO - app.storage.pdf_store - No change - voting_minutes_2021-04-08.pdf is up to date
2026-02-04 14:51:19,769 - INFO - app.storage.pdf_store - No change - voting_minutes_yyyy-mm-dd.pdf is up to date
2026-02-04 14:51:19,927 - INFO - app.storage.pdf_store - No change - voting_minutes_2021-04-20.pdf is up to date
2026-02-04 14:51:20,082 - INFO - app.storage.pdf_store - No change - voting_minutes_2021-04-29.pdf is up to date
2026-02-04 14:51:20,247 - INFO - app.storage.pdf_store - No change - voting_minutes_2021-05-06.pdf is up to date
2026-02-04 14:51:20,423 - INFO - app.storage.pdf_store - No change - voting_minutes_2021-05-27.pdf is up to date
2026-02-04 14:51:20,570 - INFO - app.storage.pdf_store - No change - voting_minutes_2021-06-03.pdf is up to date
2026-02-04 14:51:20,736 - INFO - app.storage.pdf_store - No change - voting_minutes_2021-06-24.pdf is up to date
2026-02-04 14:51:20,922 - INFO - app.storage.pdf_store - No change - voting_minutes_2021-07-01.pdf is up to date
2026-02-04 14:51:21,120 - INFO - app.storage.pdf_store - No change - voting_minutes_2021-07-29.pdf is up to date
2026-02-04 14:51:21,286 - INFO - app.storage.pdf_store - No change - voting_minutes_2021-08-09.pdf is up to date
2026-02-04 14:51:21,644 - INFO - app.storage.pdf_store - No change - voting_minutes_2021-08-26.pdf is up to date
2026-02-04 14:51:21,841 - INFO - app.storage.pdf_store - No change - voting_minutes_2021-09-02.pdf is up to date
2026-02-04 14:51:22,002 - INFO - app.storage.pdf_store - No change - voting_minutes_2021-09-30.pdf is up to date
2026-02-04 14:51:22,153 - INFO - app.storage.pdf_store - No change - voting_minutes_2021-10-07.pdf is up to date
2026-02-04 14:51:22,314 - INFO - app.storage.pdf_store - No change - voting_minutes_2021-10-28.pdf is up to date
2026-02-04 14:51:22,474 - INFO - app.storage.pdf_store - No change - voting_minutes_2021-11-04.pdf is up to date
2026-02-04 14:51:22,655 - INFO - app.storage.pdf_store - No change - voting_minutes_2021-11-18.pdf is up to date
2026-02-04 14:51:22,812 - INFO - app.storage.pdf_store - No change - voting_minutes_2021-12-02.pdf is up to date
2026-02-04 14:51:22,973 - INFO - app.storage.pdf_store - No change - voting_minutes_2021-12-16.pdf is up to date
2026-02-04 14:51:23,154 - INFO - app.storage.pdf_store - No change - voting_minutes_2020-12-23.pdf is up to date
2026-02-04 14:51:23,328 - INFO - app.storage.pdf_store - No change - voting_minutes_2020-12-03.pdf is up to date
2026-02-04 14:51:23,573 - INFO - app.storage.pdf_store - No change - voting_minutes_2020-11-05.pdf is up to date
2026-02-04 14:51:23,744 - INFO - app.storage.pdf_store - No change - voting_minutes_2020-10-29.pdf is up to date
2026-02-04 14:51:23,917 - INFO - app.storage.pdf_store - No change - voting_minutes_2020-10-08.pdf is up to date
2026-02-04 14:51:24,142 - INFO - app.storage.pdf_store - No change - voting_minutes_2020-10-01.pdf is up to date
2026-02-04 14:51:24,318 - INFO - app.storage.pdf_store - No change - voting_minutes_2020-09-17.pdf is up to date
2026-02-04 14:51:24,500 - INFO - app.storage.pdf_store - No change - voting_minutes_2020-09-10.pdf is up to date
2026-02-04 14:51:24,662 - INFO - app.storage.pdf_store - No change - voting_minutes_2020-09-10.pdf is up to date
2026-02-04 14:51:24,833 - INFO - app.storage.pdf_store - No change - voting_minutes_2020-08-20.pdf is up to date
2026-02-04 14:51:24,988 - INFO - app.storage.pdf_store - No change - voting_minutes_2020-08-13.pdf is up to date
2026-02-04 14:51:25,154 - INFO - app.storage.pdf_store - No change - voting_minutes_2020-07-30.pdf is up to date
2026-02-04 14:51:25,315 - INFO - app.storage.pdf_store - No change - voting_minutes_2020-07-16.pdf is up to date
2026-02-04 14:51:25,469 - INFO - app.storage.pdf_store - No change - voting_minutes_2020-06-04.pdf is up to date
2026-02-04 14:51:25,637 - INFO - app.storage.pdf_store - No change - voting_minutes_2020-05-28.pdf is up to date
2026-02-04 14:51:25,797 - INFO - app.storage.pdf_store - No change - voting_minutes_2020-05-21.pdf is up to date
2026-02-04 14:51:25,948 - INFO - app.storage.pdf_store - No change - voting_minutes_2020-05-14.pdf is up to date
2026-02-04 14:51:26,090 - INFO - app.storage.pdf_store - No change - voting_minutes_2020-05-07.pdf is up to date
2026-02-04 14:51:26,261 - INFO - app.storage.pdf_store - No change - voting_minutes_2020-04-23.pdf is up to date
2026-02-04 14:51:26,420 - INFO - app.storage.pdf_store - No change - voting_minutes_2020-04-30.pdf is up to date
2026-02-04 14:51:26,422 - INFO - root - Link Statistics Summary:
2026-02-04 14:51:26,422 - INFO - root -   total_links: 605
2026-02-04 14:51:26,422 - INFO - root -   client_side_links: 15
2026-02-04 14:51:26,422 - INFO - root -   video_links: 404
2026-02-04 14:51:26,422 - INFO - root -   excluded_links: 45
2026-02-04 14:51:26,422 - INFO - root -   minutes_links: 141
2026-02-04 14:51:26,422 - INFO - root - Application finished successfully.
2026-02-04 14:51:26,422 - INFO - root - Total runtime: 0 minutes 30.71 seconds
